2025-07-17 16:12:38,949 - INFO - daily_scraper_all_hiphop.py:193 -  Loaded 359 existing articles.
2025-07-17 16:12:38,949 - INFO - daily_scraper_all_hiphop.py:134 -  Scraping news page: https://allhiphop.com/news/page/1/
2025-07-17 16:12:41,539 - INFO - daily_scraper_all_hiphop.py:149 -  Already exists, skipping: https://allhiphop.com/news/beyonce-jay-z-face-off-in-high-stakes-emmy-race/
2025-07-17 16:12:41,540 - INFO - daily_scraper_all_hiphop.py:149 -  Already exists, skipping: https://allhiphop.com/news/president-trump-pam-biondi-maurene-comey-fired-jeffrey-epstein/
2025-07-17 16:12:41,540 - INFO - daily_scraper_all_hiphop.py:149 -  Already exists, skipping: https://allhiphop.com/news/barack-obama-relieved-he-never-had-a-son/
2025-07-17 16:12:41,540 - INFO - daily_scraper_all_hiphop.py:149 -  Already exists, skipping: https://allhiphop.com/news/project-pats-sons-accused-killer-arrested-after-struggle-with-u-s-marshals/
2025-07-17 16:12:41,540 - INFO - daily_scraper_all_hiphop.py:149 -  Already exists, skipping: https://allhiphop.com/news/freddie-gibbs-the-alchemist-alfredo-new-movie/
2025-07-17 16:12:41,540 - INFO - daily_scraper_all_hiphop.py:149 -  Already exists, skipping: https://allhiphop.com/news/donald-trump-special-prosecutor-hell-maga-epstein/
2025-07-17 16:12:41,540 - INFO - daily_scraper_all_hiphop.py:149 -  Already exists, skipping: https://allhiphop.com/news/eminems-stans-documentary-theaters-worldwide-one-weekend-only/
2025-07-17 16:12:41,541 - INFO - daily_scraper_all_hiphop.py:149 -  Already exists, skipping: https://allhiphop.com/news/damon-dash-ordered-to-court-explain-himself/
2025-07-17 16:12:41,541 - INFO - daily_scraper_all_hiphop.py:149 -  Already exists, skipping: https://allhiphop.com/news/sza-nicki-minaj-beef-explained-by-tdes-punch-amid-social-media-blowout/
2025-07-17 16:12:41,541 - INFO - daily_scraper_all_hiphop.py:149 -  Already exists, skipping: https://allhiphop.com/news/nicki-minaj-explodes-sza-flaunts-career-milestones-heated-feud/
2025-07-17 16:12:41,541 - INFO - daily_scraper_all_hiphop.py:149 -  Already exists, skipping: https://allhiphop.com/news/beyonce-concert-escalator-stampede-injures-nine-atlanta/
2025-07-17 16:12:41,541 - INFO - daily_scraper_all_hiphop.py:149 -  Already exists, skipping: https://allhiphop.com/news/shaq-threatens-robert-griffin-iii-angel-reese-comments/
2025-07-17 16:12:41,541 - INFO - daily_scraper_all_hiphop.py:149 -  Already exists, skipping: https://allhiphop.com/news/troy-ave-fires-at-goon-attempted-robbery/
2025-07-17 16:12:41,541 - INFO - daily_scraper_all_hiphop.py:149 -  Already exists, skipping: https://allhiphop.com/news/t-d-jakes-ai-bots-spread-diddy-lies-digital-smear-campaign/
2025-07-17 16:12:41,541 - INFO - daily_scraper_all_hiphop.py:149 -  Already exists, skipping: https://allhiphop.com/news/kendrick-lamar-scores-four-emmy-nods-after-dismantling-drake/
2025-07-17 16:12:41,541 - INFO - daily_scraper_all_hiphop.py:174 -  Done with section: news, Total new added: 0
2025-07-17 16:12:41,542 - INFO - daily_scraper_all_hiphop.py:134 -  Scraping rumors page: https://allhiphop.com/rumors/page/1/
2025-07-17 16:12:43,551 - INFO - daily_scraper_all_hiphop.py:149 -  Already exists, skipping: https://allhiphop.com/rumors/punch-tde-warns-akademiks-for-bullying-sza-joining-in-nicki-minaj-beef/
2025-07-17 16:12:43,551 - INFO - daily_scraper_all_hiphop.py:149 -  Already exists, skipping: https://allhiphop.com/rumors/troy-aves-alleged-shootout-has-people-asking-questions-about-videos-validity/
2025-07-17 16:12:43,551 - INFO - daily_scraper_all_hiphop.py:149 -  Already exists, skipping: https://allhiphop.com/rumors/joyner-lucas-responds-to-skepta-with-nobody-cares/
2025-07-17 16:12:43,551 - INFO - daily_scraper_all_hiphop.py:149 -  Already exists, skipping: https://allhiphop.com/rumors/fat-joe-seems-to-reveal-five-percent-nation-proof-of-god-crack-kim/
2025-07-17 16:12:43,551 - INFO - daily_scraper_all_hiphop.py:149 -  Already exists, skipping: https://allhiphop.com/rumors/justin-biebers-shot-at-clipse-gives-hip-hop-pause-at-pop-star/
2025-07-17 16:12:43,552 - INFO - daily_scraper_all_hiphop.py:149 -  Already exists, skipping: https://allhiphop.com/rumors/drake-top5-stabbing/
2025-07-17 16:12:43,552 - INFO - daily_scraper_all_hiphop.py:149 -  Already exists, skipping: https://allhiphop.com/rumors/signs-black-cyclist-arrested-for-shooting-his-white-attacker-despite-stand-your-ground-law/
2025-07-17 16:12:43,552 - INFO - daily_scraper_all_hiphop.py:149 -  Already exists, skipping: https://allhiphop.com/rumors/drakes-pal-gets-poked-in-the-uk-but-survives-alleged-attack/
2025-07-17 16:12:43,552 - INFO - daily_scraper_all_hiphop.py:149 -  Already exists, skipping: https://allhiphop.com/rumors/playboi-carti-rapper-destroy-lonely-criticized-after-allegedly-pushing-teen-to-jump-into-crowd/
2025-07-17 16:12:43,552 - INFO - daily_scraper_all_hiphop.py:149 -  Already exists, skipping: https://allhiphop.com/rumors/pusha-t-slams-kanye-west-over-leaked-texts-loyalty/
2025-07-17 16:12:43,552 - INFO - daily_scraper_all_hiphop.py:149 -  Already exists, skipping: https://allhiphop.com/rumors/bhad-bhabie-explodes-alleged-lawsuit-leak-mother/
2025-07-17 16:12:43,552 - INFO - daily_scraper_all_hiphop.py:149 -  Already exists, skipping: https://allhiphop.com/rumors/jay-z-could-have-been-on-let-god-sort-em-out-but-didnt-send-clipse-a-verse/
2025-07-17 16:12:43,552 - INFO - daily_scraper_all_hiphop.py:149 -  Already exists, skipping: https://allhiphop.com/rumors/gervonta-tank-davis-allegedly-beat-baby-moms-10-times-facing-possible-jail-time/
2025-07-17 16:12:43,552 - INFO - daily_scraper_all_hiphop.py:149 -  Already exists, skipping: https://allhiphop.com/rumors/cardi-b-fires-back-at-bbl-smell-rumors-in-no-filter-rant/
2025-07-17 16:12:43,553 - INFO - daily_scraper_all_hiphop.py:149 -  Already exists, skipping: https://allhiphop.com/rumors/kanye-west-misses-pusha-t-pusha-t-doesnt-care/
2025-07-17 16:12:43,553 - INFO - daily_scraper_all_hiphop.py:174 -  Done with section: rumors, Total new added: 0
2025-07-17 16:12:43,553 - INFO - daily_scraper_all_hiphop.py:134 -  Scraping features page: https://allhiphop.com/features/page/1/
2025-07-17 16:12:45,322 - INFO - daily_scraper_all_hiphop.py:149 -  Already exists, skipping: https://allhiphop.com/features/consequence-caiden-talk-upcoming-kanye-west-produced-single-going-viral-more/
2025-07-17 16:12:45,323 - INFO - daily_scraper_all_hiphop.py:149 -  Already exists, skipping: https://allhiphop.com/features/squid-game-stars-park-sung-hoon-kang-ae-sim-talk-season-3-hip-hops-influence-more/
2025-07-17 16:12:45,323 - INFO - daily_scraper_all_hiphop.py:149 -  Already exists, skipping: https://allhiphop.com/features/hip-hop-gamers-vision-from-denzel-washingtons-school-to-samsung-studios-to-bars-with-papoose/
2025-07-17 16:12:45,323 - INFO - daily_scraper_all_hiphop.py:149 -  Already exists, skipping: https://allhiphop.com/features/superman-2025-offers-light-fantastical-take-on-man-of-steel/
2025-07-17 16:12:45,323 - INFO - daily_scraper_all_hiphop.py:149 -  Already exists, skipping: https://allhiphop.com/exclusives/trae-tha-truth-talks-baby-truth-new-album-dj-screw-legacy-houstons-cultural-power/
2025-07-17 16:12:45,323 - INFO - daily_scraper_all_hiphop.py:149 -  Already exists, skipping: https://allhiphop.com/features/squid-game-stars-jo-yu-ri-yim-si-wan-talk-season-3-hip-hop-culture-more/
2025-07-17 16:12:45,323 - INFO - daily_scraper_all_hiphop.py:149 -  Already exists, skipping: https://allhiphop.com/features/squid-game-season-3-cast-director-share-bts-details-insights-in-exclusive-interview/
2025-07-17 16:12:45,323 - INFO - daily_scraper_all_hiphop.py:149 -  Already exists, skipping: https://allhiphop.com/features/tech-n9nes-origin-story-blood-beats-and-becoming-a-legend/
2025-07-17 16:12:45,323 - INFO - daily_scraper_all_hiphop.py:149 -  Already exists, skipping: https://allhiphop.com/features/stepbrothers-for-life-don-trip-starlito-talk-legacy-loyalty-lyricism/
2025-07-17 16:12:45,324 - INFO - daily_scraper_all_hiphop.py:149 -  Already exists, skipping: https://allhiphop.com/features/edgardo-miranda-rodriguezs-la-borinquena-comes-after-years-of-putting-in-work-with-legends-like-dmc-john-leguizamo-and-riggs-morales/
2025-07-17 16:12:45,324 - INFO - daily_scraper_all_hiphop.py:149 -  Already exists, skipping: https://allhiphop.com/features/seven-wonders-of-the-hip-hop-world-part-ii-7-albums-that-changed-rap-history/
2025-07-17 16:12:45,324 - INFO - daily_scraper_all_hiphop.py:149 -  Already exists, skipping: https://allhiphop.com/features/rob49-talks-stardom-struggle-staying-real-as-wthhelly-blows-up/
2025-07-17 16:12:45,324 - INFO - daily_scraper_all_hiphop.py:149 -  Already exists, skipping: https://allhiphop.com/features/producer-writer-rodney-barnes-talks-boondocks-sinners-batman-more/
2025-07-17 16:12:45,324 - INFO - daily_scraper_all_hiphop.py:149 -  Already exists, skipping: https://allhiphop.com/headlines/mission-impossible-is-one-of-the-biggest-franchises-in-the-history-of-movies-and-now-tom-cruise-takes-it-through-the-final-reckoning-read-this-review-now/
2025-07-17 16:12:45,324 - INFO - daily_scraper_all_hiphop.py:149 -  Already exists, skipping: https://allhiphop.com/features/albums-that-rewrote-rap-history-the-seven-wonders-of-the-hip-hop-world-part-i/
2025-07-17 16:12:45,324 - INFO - daily_scraper_all_hiphop.py:174 -  Done with section: features, Total new added: 0
2025-07-17 16:12:45,325 - INFO - daily_scraper_all_hiphop.py:134 -  Scraping music page: https://allhiphop.com/music/page/1/
2025-07-17 16:12:48,580 - INFO - daily_scraper_all_hiphop.py:149 -  Already exists, skipping: https://allhiphop.com/music/tyler-watts-jacquees-prettiest-girl/
2025-07-17 16:12:48,581 - INFO - daily_scraper_all_hiphop.py:149 -  Already exists, skipping: https://allhiphop.com/music/calvin-ross-wins-best-rb-artist-of-the-year-award-and-is-cuttin-up-this-summer-with-2cs/
2025-07-17 16:12:48,581 - INFO - daily_scraper_all_hiphop.py:149 -  Already exists, skipping: https://allhiphop.com/music/bun-b-dmc-marco-polo-form-bun-dmc-in-super-cypher/
2025-07-17 16:12:48,581 - INFO - daily_scraper_all_hiphop.py:149 -  Already exists, skipping: https://allhiphop.com/music/drizzy-tae-new-album-nc-17/
2025-07-17 16:12:48,581 - INFO - daily_scraper_all_hiphop.py:149 -  Already exists, skipping: https://allhiphop.com/music/holy-bars-war-cries-caleb-gordons-tactical-gospel/
2025-07-17 16:12:48,581 - INFO - daily_scraper_all_hiphop.py:149 -  Already exists, skipping: https://allhiphop.com/music/itsholy-releases-showstoppa-amidst-winners-circle-in-your-city-tour/
2025-07-17 16:12:48,581 - INFO - daily_scraper_all_hiphop.py:149 -  Already exists, skipping: https://allhiphop.com/music/n-o-krillz-deliver-for-judgemental-records-with-heavy-is-the-head-project/
2025-07-17 16:12:48,581 - INFO - daily_scraper_all_hiphop.py:149 -  Already exists, skipping: https://allhiphop.com/music/lizzo-drops-rap-mixtape-with-sza-doja-cat-mad-bars-for-summer/
2025-07-17 16:12:48,581 - INFO - daily_scraper_all_hiphop.py:149 -  Already exists, skipping: https://allhiphop.com/music/neecy-j-drops-the-summers-ultimate-bad-bitch-anthem-with-atf/
2025-07-17 16:12:48,582 - INFO - daily_scraper_all_hiphop.py:149 -  Already exists, skipping: https://allhiphop.com/music/b-mogul-breaks-through-with-grit-and-grace-on-new-single-dont-call-me-twin/
2025-07-17 16:12:48,582 - INFO - daily_scraper_all_hiphop.py:149 -  Already exists, skipping: https://allhiphop.com/music/godspeed-and-vontee-the-singer-release-sexy-new-single-clothes/
2025-07-17 16:12:48,582 - INFO - daily_scraper_all_hiphop.py:149 -  Already exists, skipping: https://allhiphop.com/music/offset-delivers-a-hard-hitting-single-bodies-featuring-jid-sampling-drowning-pool-and-setting-the-tone-for-an-intense-summer-in-rap/
2025-07-17 16:12:48,582 - INFO - daily_scraper_all_hiphop.py:149 -  Already exists, skipping: https://allhiphop.com/music/trae-tha-truth-brings-healing-with-lecrae-and-and-daughter-on-alright/
2025-07-17 16:12:48,582 - INFO - daily_scraper_all_hiphop.py:149 -  Already exists, skipping: https://allhiphop.com/music/wu-tang-dj-mathematics-releases-sinners-mo-better-blues-with-erick-sermon-keith-murray-jamal/
2025-07-17 16:12:48,582 - INFO - daily_scraper_all_hiphop.py:149 -  Already exists, skipping: https://allhiphop.com/music/olly-sholotan-to-release-visual-for-i-go-dey-vex/
2025-07-17 16:12:48,582 - INFO - daily_scraper_all_hiphop.py:174 -  Done with section: music, Total new added: 0
2025-07-17 16:12:48,582 - INFO - daily_scraper_all_hiphop.py:134 -  Scraping opinion page: https://allhiphop.com/opinion/page/1/
2025-07-17 16:12:49,459 - INFO - daily_scraper_all_hiphop.py:149 -  Already exists, skipping: https://allhiphop.com/opinion/clipse-drops-first-album-in-16-years-heres-why-its-a-game-changer/
2025-07-17 16:12:49,460 - INFO - daily_scraper_all_hiphop.py:149 -  Already exists, skipping: https://allhiphop.com/opinion/diddys-trial-nears-end-heres-how-ai-predicts-verdict/
2025-07-17 16:12:49,460 - INFO - daily_scraper_all_hiphop.py:149 -  Already exists, skipping: https://allhiphop.com/opinion/juneteenth-reflections-on-unity-trust-pure-black-love/
2025-07-17 16:12:49,460 - INFO - daily_scraper_all_hiphop.py:149 -  Already exists, skipping: https://allhiphop.com/opinion/op-ed-what-comic-con-taught-me-about-morality-fandom-america/
2025-07-17 16:12:49,460 - INFO - daily_scraper_all_hiphop.py:149 -  Already exists, skipping: https://allhiphop.com/opinion/memorial-day-was-a-black-led-celebration-of-freedom-that-racism-tried-to-erase/
2025-07-17 16:12:49,460 - INFO - daily_scraper_all_hiphop.py:149 -  Already exists, skipping: https://allhiphop.com/opinion/sacha-jenkins-visionary-in-hip-hop-and-counter-in-culture-chuck-creekmur-remembers/
2025-07-17 16:12:49,460 - INFO - daily_scraper_all_hiphop.py:149 -  Already exists, skipping: https://allhiphop.com/rumors/jewish-community-reacts-to-kanye-wests-apology-for-antisemitic-warpath/
2025-07-17 16:12:49,460 - INFO - daily_scraper_all_hiphop.py:149 -  Already exists, skipping: https://allhiphop.com/features/albums-that-rewrote-rap-history-the-seven-wonders-of-the-hip-hop-world-part-i/
2025-07-17 16:12:49,460 - INFO - daily_scraper_all_hiphop.py:149 -  Already exists, skipping: https://allhiphop.com/features/malcolm-x-isnt-just-history-hes-hip-hops-future-if-it-wants-to-survive/
2025-07-17 16:12:49,460 - INFO - daily_scraper_all_hiphop.py:149 -  Already exists, skipping: https://allhiphop.com/opinion/met-gala-theme-tailoring-black-style-so-why-did-the-red-carpet-look-so-basic/
2025-07-17 16:12:49,461 - INFO - daily_scraper_all_hiphop.py:149 -  Already exists, skipping: https://allhiphop.com/opinion/beyonce-just-changed-country-musics-rules/
2025-07-17 16:12:49,461 - INFO - daily_scraper_all_hiphop.py:149 -  Already exists, skipping: https://allhiphop.com/rumors/does-trump-want-to-pay-white-people-5000-to-have-babies/
2025-07-17 16:12:49,461 - INFO - daily_scraper_all_hiphop.py:149 -  Already exists, skipping: https://allhiphop.com/opinion/cory-booker-hakeem-jeffries-and-persist-network-fight-for-justice-on-capitol-hill-using-john-lewis-spirit/
2025-07-17 16:12:49,461 - INFO - daily_scraper_all_hiphop.py:149 -  Already exists, skipping: https://allhiphop.com/ahhplus/did-daredevil-born-again-flop-or-are-there-racists-hating-on-progressive-marvel/
2025-07-17 16:12:49,461 - INFO - daily_scraper_all_hiphop.py:149 -  Already exists, skipping: https://allhiphop.com/opinion/playboi-carti-is-confusing-chaotic-but-lowkey-brilliant/
2025-07-17 16:12:49,461 - INFO - daily_scraper_all_hiphop.py:174 -  Done with section: opinion, Total new added: 0
2025-07-17 16:12:49,461 - INFO - daily_scraper_all_hiphop.py:134 -  Scraping exclusives page: https://allhiphop.com/exclusives/page/1/
2025-07-17 16:12:51,452 - INFO - daily_scraper_all_hiphop.py:149 -  Already exists, skipping: https://allhiphop.com/features/squid-game-stars-park-sung-hoon-kang-ae-sim-talk-season-3-hip-hops-influence-more/
2025-07-17 16:12:51,452 - INFO - daily_scraper_all_hiphop.py:149 -  Already exists, skipping: https://allhiphop.com/news/roc-nation-ceo-desiree-perez-demoree-hadley-contempt-threats-cyberstalking/
2025-07-17 16:12:51,453 - INFO - daily_scraper_all_hiphop.py:149 -  Already exists, skipping: https://allhiphop.com/news/drake-outs-guy-paid-bots-kendrick-lamar/
2025-07-17 16:12:51,453 - INFO - daily_scraper_all_hiphop.py:149 -  Already exists, skipping: https://allhiphop.com/news/consequence-reunites-with-kanye-west-for-new-music-release/
2025-07-17 16:12:51,453 - INFO - daily_scraper_all_hiphop.py:149 -  Already exists, skipping: https://allhiphop.com/news/megan-thee-stallion-demands-access-to-milagro-gramz-social-media-accounts/
2025-07-17 16:12:51,453 - INFO - daily_scraper_all_hiphop.py:149 -  Already exists, skipping: https://allhiphop.com/opinion/clipse-drops-first-album-in-16-years-heres-why-its-a-game-changer/
2025-07-17 16:12:51,453 - INFO - daily_scraper_all_hiphop.py:149 -  Already exists, skipping: https://allhiphop.com/features/hip-hop-gamers-vision-from-denzel-washingtons-school-to-samsung-studios-to-bars-with-papoose/
2025-07-17 16:12:51,453 - INFO - daily_scraper_all_hiphop.py:149 -  Already exists, skipping: https://allhiphop.com/exclusives/zeddy-will-gives-up-on-coco-jones-crush-shifts-to-baddies-new-album/
2025-07-17 16:12:51,453 - INFO - daily_scraper_all_hiphop.py:149 -  Already exists, skipping: https://allhiphop.com/news/exclusive-cardi-b-fights-back-against-greasy-producers-says-their-copyright-lawsuit-is-bogus/
2025-07-17 16:12:51,453 - INFO - daily_scraper_all_hiphop.py:149 -  Already exists, skipping: https://allhiphop.com/news/fat-joe-accused-of-using-former-hypemans-per-diem-to-pay-off-taxes/
2025-07-17 16:12:51,453 - INFO - daily_scraper_all_hiphop.py:149 -  Already exists, skipping: https://allhiphop.com/news/exclusive-judge-tanks-t-i-s-hope-to-use-situationships-for-new-movie/
2025-07-17 16:12:51,454 - INFO - daily_scraper_all_hiphop.py:149 -  Already exists, skipping: https://allhiphop.com/features/superman-2025-offers-light-fantastical-take-on-man-of-steel/
2025-07-17 16:12:51,454 - INFO - daily_scraper_all_hiphop.py:149 -  Already exists, skipping: https://allhiphop.com/exclusives/trae-tha-truth-talks-baby-truth-new-album-dj-screw-legacy-houstons-cultural-power/
2025-07-17 16:12:51,454 - INFO - daily_scraper_all_hiphop.py:149 -  Already exists, skipping: https://allhiphop.com/exclusives/arrested-development-new-album-adult-contemporary-hip-hop/
2025-07-17 16:12:51,454 - INFO - daily_scraper_all_hiphop.py:149 -  Already exists, skipping: https://allhiphop.com/features/squid-game-stars-jo-yu-ri-yim-si-wan-talk-season-3-hip-hop-culture-more/
2025-07-17 16:12:51,454 - INFO - daily_scraper_all_hiphop.py:174 -  Done with section: exclusives, Total new added: 0
2025-07-17 16:12:51,454 - INFO - daily_scraper_all_hiphop.py:101 -  No new articles to save.
2025-07-17 16:12:51,454 - INFO - daily_scraper_all_hiphop.py:207 -  All scraping complete. Final total: 359 articles.
2025-07-17 16:13:27,472 - INFO - daily_scraper_okay_player.py:151 -  Starting OkayPlayer Scraper...
2025-07-17 16:13:27,479 - INFO - daily_scraper_okay_player.py:58 -  Loaded 359 existing URLs from daily_news_pipeline/news_scrapers/news_articles_data/news_articles_scrap_data.json
2025-07-17 16:13:27,641 - INFO - daily_scraper_okay_player.py:107 -  Skipping existing: https://www.okayplayer.com/ayo-edebiri-emmy-nomination-2025
2025-07-17 16:13:27,642 - INFO - daily_scraper_okay_player.py:107 -  Skipping existing: https://www.okayplayer.com/nicki-minaj-sza-beef
2025-07-17 16:13:27,642 - INFO - daily_scraper_okay_player.py:107 -  Skipping existing: https://www.okayplayer.com/clipse-jay-z-feature
2025-07-17 16:13:27,642 - INFO - daily_scraper_okay_player.py:107 -  Skipping existing: https://www.okayplayer.com/beyonce-music-stolen
2025-07-17 16:13:27,642 - INFO - daily_scraper_okay_player.py:107 -  Skipping existing: https://www.okayplayer.com/drake-london-rappers
2025-07-17 16:13:27,642 - INFO - daily_scraper_okay_player.py:107 -  Skipping existing: https://www.okayplayer.com/jay-z-paternity-test-lawsuit
2025-07-17 16:13:27,642 - INFO - daily_scraper_okay_player.py:153 - Scraping section pages...
2025-07-17 16:13:27,642 - INFO - daily_scraper_okay_player.py:161 - Scraping section: https://www.okayplayer.com/music
2025-07-17 16:13:27,647 - INFO - daily_scraper_okay_player.py:58 -  Loaded 359 existing URLs from daily_news_pipeline/news_scrapers/news_articles_data/news_articles_scrap_data.json
2025-07-17 16:13:27,722 - INFO - daily_scraper_okay_player.py:107 -  Skipping existing: https://www.okayplayer.com/montreal-jazz-fest-2025
2025-07-17 16:13:27,722 - INFO - daily_scraper_okay_player.py:107 -  Skipping existing: https://www.okayplayer.com/skepta-joyner-lucas-diss
2025-07-17 16:13:27,722 - INFO - daily_scraper_okay_player.py:107 -  Skipping existing: https://www.okayplayer.com/clipse-let-god-sort-em-out
2025-07-17 16:13:27,722 - INFO - daily_scraper_okay_player.py:107 -  Skipping existing: https://www.okayplayer.com/umg-ai-strategy
2025-07-17 16:13:27,722 - INFO - daily_scraper_okay_player.py:107 -  Skipping existing: https://www.okayplayer.com/joyner-lucas-skepta-battle
2025-07-17 16:13:27,722 - INFO - daily_scraper_okay_player.py:107 -  Skipping existing: https://www.okayplayer.com/syd-die-for-this
2025-07-17 16:13:27,722 - INFO - daily_scraper_okay_player.py:161 - Scraping section: https://www.okayplayer.com/originals
2025-07-17 16:13:27,729 - INFO - daily_scraper_okay_player.py:58 -  Loaded 359 existing URLs from daily_news_pipeline/news_scrapers/news_articles_data/news_articles_scrap_data.json
2025-07-17 16:13:27,830 - INFO - daily_scraper_okay_player.py:107 -  Skipping existing: https://www.okayplayer.com/ironheart-director-interview
2025-07-17 16:13:27,830 - INFO - daily_scraper_okay_player.py:107 -  Skipping existing: https://www.okayplayer.com/the-12-best-moments-from-the-2025-rock-the-bells-festival
2025-07-17 16:13:27,830 - INFO - daily_scraper_okay_player.py:107 -  Skipping existing: https://www.okayplayer.com/the-weeknd-after-hours
2025-07-17 16:13:27,830 - INFO - daily_scraper_okay_player.py:107 -  Skipping existing: https://www.okayplayer.com/loaded-lux-joey-badass-my-town
2025-07-17 16:13:27,830 - INFO - daily_scraper_okay_player.py:107 -  Skipping existing: https://www.okayplayer.com/history-of-bad-record-deals
2025-07-17 16:13:27,830 - INFO - daily_scraper_okay_player.py:107 -  Skipping existing: https://www.okayplayer.com/sza-passes-adele-on-billboard
2025-07-17 16:13:27,830 - INFO - daily_scraper_okay_player.py:161 - Scraping section: https://www.okayplayer.com/culture
2025-07-17 16:13:27,836 - INFO - daily_scraper_okay_player.py:58 -  Loaded 359 existing URLs from daily_news_pipeline/news_scrapers/news_articles_data/news_articles_scrap_data.json
2025-07-17 16:13:27,912 - INFO - daily_scraper_okay_player.py:107 -  Skipping existing: https://www.okayplayer.com/ayo-edebiri-emmy-nomination-2025
2025-07-17 16:13:27,912 - INFO - daily_scraper_okay_player.py:107 -  Skipping existing: https://www.okayplayer.com/love-island-psychology
2025-07-17 16:13:27,912 - INFO - daily_scraper_okay_player.py:107 -  Skipping existing: https://www.okayplayer.com/love-island-cast-theme-songs
2025-07-17 16:13:27,912 - INFO - daily_scraper_okay_player.py:107 -  Skipping existing: https://www.okayplayer.com/black-men-share-what-they-do-for-overwhelm
2025-07-17 16:13:27,912 - INFO - daily_scraper_okay_player.py:107 -  Skipping existing: https://www.okayplayer.com/10-soulquarians-tracks-playlist
2025-07-17 16:13:27,912 - INFO - daily_scraper_okay_player.py:107 -  Skipping existing: https://www.okayplayer.com/cynthia-erivo-movie-michael-bay
2025-07-17 16:13:27,912 - INFO - daily_scraper_okay_player.py:161 - Scraping section: https://www.okayplayer.com/cities
2025-07-17 16:13:27,921 - INFO - daily_scraper_okay_player.py:58 -  Loaded 359 existing URLs from daily_news_pipeline/news_scrapers/news_articles_data/news_articles_scrap_data.json
2025-07-17 16:13:28,003 - INFO - daily_scraper_okay_player.py:107 -  Skipping existing: https://www.okayplayer.com/studio-dem-carribean-culture-williamsburg
2025-07-17 16:13:28,004 - INFO - daily_scraper_okay_player.py:107 -  Skipping existing: https://www.okayplayer.com/free-new-york-social-activities
2025-07-17 16:13:28,004 - INFO - daily_scraper_okay_player.py:107 -  Skipping existing: https://www.okayplayer.com/cities/new-york/nyc-events-to-do-this-weekend.html
2025-07-17 16:13:28,004 - INFO - daily_scraper_okay_player.py:107 -  Skipping existing: https://www.okayplayer.com/how-to-be-outside-inside-bub-styles
2025-07-17 16:13:28,004 - INFO - daily_scraper_okay_player.py:107 -  Skipping existing: https://www.okayplayer.com/outside-inside-miabelle
2025-07-17 16:13:28,004 - INFO - daily_scraper_okay_player.py:107 -  Skipping existing: https://www.okayplayer.com/spearhead-spirits-afrobeats-night
2025-07-17 16:13:28,004 - INFO - daily_scraper_okay_player.py:163 - Scraping finished successfully.
2025-07-17 16:31:03,140 - INFO - daily_scraper_all_hiphop.py:193 -  Loaded 359 existing articles.
2025-07-17 16:31:03,140 - INFO - daily_scraper_all_hiphop.py:134 -  Scraping news page: https://allhiphop.com/news/page/1/
2025-07-17 16:31:05,232 - INFO - daily_scraper_all_hiphop.py:149 -  Already exists, skipping: https://allhiphop.com/news/beyonce-jay-z-face-off-in-high-stakes-emmy-race/
2025-07-17 16:31:05,233 - INFO - daily_scraper_all_hiphop.py:149 -  Already exists, skipping: https://allhiphop.com/news/president-trump-pam-biondi-maurene-comey-fired-jeffrey-epstein/
2025-07-17 16:31:05,233 - INFO - daily_scraper_all_hiphop.py:149 -  Already exists, skipping: https://allhiphop.com/news/barack-obama-relieved-he-never-had-a-son/
2025-07-17 16:31:05,233 - INFO - daily_scraper_all_hiphop.py:149 -  Already exists, skipping: https://allhiphop.com/news/project-pats-sons-accused-killer-arrested-after-struggle-with-u-s-marshals/
2025-07-17 16:31:05,233 - INFO - daily_scraper_all_hiphop.py:149 -  Already exists, skipping: https://allhiphop.com/news/freddie-gibbs-the-alchemist-alfredo-new-movie/
2025-07-17 16:31:05,233 - INFO - daily_scraper_all_hiphop.py:149 -  Already exists, skipping: https://allhiphop.com/news/donald-trump-special-prosecutor-hell-maga-epstein/
2025-07-17 16:31:05,234 - INFO - daily_scraper_all_hiphop.py:149 -  Already exists, skipping: https://allhiphop.com/news/eminems-stans-documentary-theaters-worldwide-one-weekend-only/
2025-07-17 16:31:05,234 - INFO - daily_scraper_all_hiphop.py:149 -  Already exists, skipping: https://allhiphop.com/news/damon-dash-ordered-to-court-explain-himself/
2025-07-17 16:31:05,234 - INFO - daily_scraper_all_hiphop.py:149 -  Already exists, skipping: https://allhiphop.com/news/sza-nicki-minaj-beef-explained-by-tdes-punch-amid-social-media-blowout/
2025-07-17 16:31:05,234 - INFO - daily_scraper_all_hiphop.py:149 -  Already exists, skipping: https://allhiphop.com/news/nicki-minaj-explodes-sza-flaunts-career-milestones-heated-feud/
2025-07-17 16:31:05,234 - INFO - daily_scraper_all_hiphop.py:149 -  Already exists, skipping: https://allhiphop.com/news/beyonce-concert-escalator-stampede-injures-nine-atlanta/
2025-07-17 16:31:05,234 - INFO - daily_scraper_all_hiphop.py:149 -  Already exists, skipping: https://allhiphop.com/news/shaq-threatens-robert-griffin-iii-angel-reese-comments/
2025-07-17 16:31:05,235 - INFO - daily_scraper_all_hiphop.py:149 -  Already exists, skipping: https://allhiphop.com/news/troy-ave-fires-at-goon-attempted-robbery/
2025-07-17 16:31:05,235 - INFO - daily_scraper_all_hiphop.py:149 -  Already exists, skipping: https://allhiphop.com/news/t-d-jakes-ai-bots-spread-diddy-lies-digital-smear-campaign/
2025-07-17 16:31:05,235 - INFO - daily_scraper_all_hiphop.py:149 -  Already exists, skipping: https://allhiphop.com/news/kendrick-lamar-scores-four-emmy-nods-after-dismantling-drake/
2025-07-17 16:31:05,235 - INFO - daily_scraper_all_hiphop.py:174 -  Done with section: news, Total new added: 0
2025-07-17 16:31:05,235 - INFO - daily_scraper_all_hiphop.py:134 -  Scraping rumors page: https://allhiphop.com/rumors/page/1/
2025-07-17 16:31:09,747 - INFO - daily_scraper_all_hiphop.py:149 -  Already exists, skipping: https://allhiphop.com/rumors/punch-tde-warns-akademiks-for-bullying-sza-joining-in-nicki-minaj-beef/
2025-07-17 16:31:09,747 - INFO - daily_scraper_all_hiphop.py:149 -  Already exists, skipping: https://allhiphop.com/rumors/troy-aves-alleged-shootout-has-people-asking-questions-about-videos-validity/
2025-07-17 16:31:09,747 - INFO - daily_scraper_all_hiphop.py:149 -  Already exists, skipping: https://allhiphop.com/rumors/joyner-lucas-responds-to-skepta-with-nobody-cares/
2025-07-17 16:31:09,748 - INFO - daily_scraper_all_hiphop.py:149 -  Already exists, skipping: https://allhiphop.com/rumors/fat-joe-seems-to-reveal-five-percent-nation-proof-of-god-crack-kim/
2025-07-17 16:31:09,748 - INFO - daily_scraper_all_hiphop.py:149 -  Already exists, skipping: https://allhiphop.com/rumors/justin-biebers-shot-at-clipse-gives-hip-hop-pause-at-pop-star/
2025-07-17 16:31:09,748 - INFO - daily_scraper_all_hiphop.py:149 -  Already exists, skipping: https://allhiphop.com/rumors/drake-top5-stabbing/
2025-07-17 16:31:09,748 - INFO - daily_scraper_all_hiphop.py:149 -  Already exists, skipping: https://allhiphop.com/rumors/signs-black-cyclist-arrested-for-shooting-his-white-attacker-despite-stand-your-ground-law/
2025-07-17 16:31:09,748 - INFO - daily_scraper_all_hiphop.py:149 -  Already exists, skipping: https://allhiphop.com/rumors/drakes-pal-gets-poked-in-the-uk-but-survives-alleged-attack/
2025-07-17 16:31:09,748 - INFO - daily_scraper_all_hiphop.py:149 -  Already exists, skipping: https://allhiphop.com/rumors/playboi-carti-rapper-destroy-lonely-criticized-after-allegedly-pushing-teen-to-jump-into-crowd/
2025-07-17 16:31:09,748 - INFO - daily_scraper_all_hiphop.py:149 -  Already exists, skipping: https://allhiphop.com/rumors/pusha-t-slams-kanye-west-over-leaked-texts-loyalty/
2025-07-17 16:31:09,748 - INFO - daily_scraper_all_hiphop.py:149 -  Already exists, skipping: https://allhiphop.com/rumors/bhad-bhabie-explodes-alleged-lawsuit-leak-mother/
2025-07-17 16:31:09,748 - INFO - daily_scraper_all_hiphop.py:149 -  Already exists, skipping: https://allhiphop.com/rumors/jay-z-could-have-been-on-let-god-sort-em-out-but-didnt-send-clipse-a-verse/
2025-07-17 16:31:09,749 - INFO - daily_scraper_all_hiphop.py:149 -  Already exists, skipping: https://allhiphop.com/rumors/gervonta-tank-davis-allegedly-beat-baby-moms-10-times-facing-possible-jail-time/
2025-07-17 16:31:09,749 - INFO - daily_scraper_all_hiphop.py:149 -  Already exists, skipping: https://allhiphop.com/rumors/cardi-b-fires-back-at-bbl-smell-rumors-in-no-filter-rant/
2025-07-17 16:31:09,749 - INFO - daily_scraper_all_hiphop.py:149 -  Already exists, skipping: https://allhiphop.com/rumors/kanye-west-misses-pusha-t-pusha-t-doesnt-care/
2025-07-17 16:31:09,749 - INFO - daily_scraper_all_hiphop.py:174 -  Done with section: rumors, Total new added: 0
2025-07-17 16:31:09,749 - INFO - daily_scraper_all_hiphop.py:134 -  Scraping features page: https://allhiphop.com/features/page/1/
2025-07-17 16:31:13,327 - INFO - daily_scraper_all_hiphop.py:149 -  Already exists, skipping: https://allhiphop.com/features/consequence-caiden-talk-upcoming-kanye-west-produced-single-going-viral-more/
2025-07-17 16:31:13,327 - INFO - daily_scraper_all_hiphop.py:149 -  Already exists, skipping: https://allhiphop.com/features/squid-game-stars-park-sung-hoon-kang-ae-sim-talk-season-3-hip-hops-influence-more/
2025-07-17 16:31:13,327 - INFO - daily_scraper_all_hiphop.py:149 -  Already exists, skipping: https://allhiphop.com/features/hip-hop-gamers-vision-from-denzel-washingtons-school-to-samsung-studios-to-bars-with-papoose/
2025-07-17 16:31:13,327 - INFO - daily_scraper_all_hiphop.py:149 -  Already exists, skipping: https://allhiphop.com/features/superman-2025-offers-light-fantastical-take-on-man-of-steel/
2025-07-17 16:31:13,327 - INFO - daily_scraper_all_hiphop.py:149 -  Already exists, skipping: https://allhiphop.com/exclusives/trae-tha-truth-talks-baby-truth-new-album-dj-screw-legacy-houstons-cultural-power/
2025-07-17 16:31:13,328 - INFO - daily_scraper_all_hiphop.py:149 -  Already exists, skipping: https://allhiphop.com/features/squid-game-stars-jo-yu-ri-yim-si-wan-talk-season-3-hip-hop-culture-more/
2025-07-17 16:31:13,328 - INFO - daily_scraper_all_hiphop.py:149 -  Already exists, skipping: https://allhiphop.com/features/squid-game-season-3-cast-director-share-bts-details-insights-in-exclusive-interview/
2025-07-17 16:31:13,328 - INFO - daily_scraper_all_hiphop.py:149 -  Already exists, skipping: https://allhiphop.com/features/tech-n9nes-origin-story-blood-beats-and-becoming-a-legend/
2025-07-17 16:31:13,328 - INFO - daily_scraper_all_hiphop.py:149 -  Already exists, skipping: https://allhiphop.com/features/stepbrothers-for-life-don-trip-starlito-talk-legacy-loyalty-lyricism/
2025-07-17 16:31:13,328 - INFO - daily_scraper_all_hiphop.py:149 -  Already exists, skipping: https://allhiphop.com/features/edgardo-miranda-rodriguezs-la-borinquena-comes-after-years-of-putting-in-work-with-legends-like-dmc-john-leguizamo-and-riggs-morales/
2025-07-17 16:31:13,328 - INFO - daily_scraper_all_hiphop.py:149 -  Already exists, skipping: https://allhiphop.com/features/seven-wonders-of-the-hip-hop-world-part-ii-7-albums-that-changed-rap-history/
2025-07-17 16:31:13,328 - INFO - daily_scraper_all_hiphop.py:149 -  Already exists, skipping: https://allhiphop.com/features/rob49-talks-stardom-struggle-staying-real-as-wthhelly-blows-up/
2025-07-17 16:31:13,328 - INFO - daily_scraper_all_hiphop.py:149 -  Already exists, skipping: https://allhiphop.com/features/producer-writer-rodney-barnes-talks-boondocks-sinners-batman-more/
2025-07-17 16:31:13,328 - INFO - daily_scraper_all_hiphop.py:149 -  Already exists, skipping: https://allhiphop.com/headlines/mission-impossible-is-one-of-the-biggest-franchises-in-the-history-of-movies-and-now-tom-cruise-takes-it-through-the-final-reckoning-read-this-review-now/
2025-07-17 16:31:13,328 - INFO - daily_scraper_all_hiphop.py:149 -  Already exists, skipping: https://allhiphop.com/features/albums-that-rewrote-rap-history-the-seven-wonders-of-the-hip-hop-world-part-i/
2025-07-17 16:31:13,329 - INFO - daily_scraper_all_hiphop.py:174 -  Done with section: features, Total new added: 0
2025-07-17 16:31:13,329 - INFO - daily_scraper_all_hiphop.py:134 -  Scraping music page: https://allhiphop.com/music/page/1/
2025-07-17 16:31:17,432 - INFO - daily_scraper_all_hiphop.py:149 -  Already exists, skipping: https://allhiphop.com/music/tyler-watts-jacquees-prettiest-girl/
2025-07-17 16:31:17,432 - INFO - daily_scraper_all_hiphop.py:149 -  Already exists, skipping: https://allhiphop.com/music/calvin-ross-wins-best-rb-artist-of-the-year-award-and-is-cuttin-up-this-summer-with-2cs/
2025-07-17 16:31:17,432 - INFO - daily_scraper_all_hiphop.py:149 -  Already exists, skipping: https://allhiphop.com/music/bun-b-dmc-marco-polo-form-bun-dmc-in-super-cypher/
2025-07-17 16:31:17,433 - INFO - daily_scraper_all_hiphop.py:149 -  Already exists, skipping: https://allhiphop.com/music/drizzy-tae-new-album-nc-17/
2025-07-17 16:31:17,433 - INFO - daily_scraper_all_hiphop.py:149 -  Already exists, skipping: https://allhiphop.com/music/holy-bars-war-cries-caleb-gordons-tactical-gospel/
2025-07-17 16:31:17,433 - INFO - daily_scraper_all_hiphop.py:149 -  Already exists, skipping: https://allhiphop.com/music/itsholy-releases-showstoppa-amidst-winners-circle-in-your-city-tour/
2025-07-17 16:31:17,433 - INFO - daily_scraper_all_hiphop.py:149 -  Already exists, skipping: https://allhiphop.com/music/n-o-krillz-deliver-for-judgemental-records-with-heavy-is-the-head-project/
2025-07-17 16:31:17,433 - INFO - daily_scraper_all_hiphop.py:149 -  Already exists, skipping: https://allhiphop.com/music/lizzo-drops-rap-mixtape-with-sza-doja-cat-mad-bars-for-summer/
2025-07-17 16:31:17,433 - INFO - daily_scraper_all_hiphop.py:149 -  Already exists, skipping: https://allhiphop.com/music/neecy-j-drops-the-summers-ultimate-bad-bitch-anthem-with-atf/
2025-07-17 16:31:17,433 - INFO - daily_scraper_all_hiphop.py:149 -  Already exists, skipping: https://allhiphop.com/music/b-mogul-breaks-through-with-grit-and-grace-on-new-single-dont-call-me-twin/
2025-07-17 16:31:17,433 - INFO - daily_scraper_all_hiphop.py:149 -  Already exists, skipping: https://allhiphop.com/music/godspeed-and-vontee-the-singer-release-sexy-new-single-clothes/
2025-07-17 16:31:17,433 - INFO - daily_scraper_all_hiphop.py:149 -  Already exists, skipping: https://allhiphop.com/music/offset-delivers-a-hard-hitting-single-bodies-featuring-jid-sampling-drowning-pool-and-setting-the-tone-for-an-intense-summer-in-rap/
2025-07-17 16:31:17,433 - INFO - daily_scraper_all_hiphop.py:149 -  Already exists, skipping: https://allhiphop.com/music/trae-tha-truth-brings-healing-with-lecrae-and-and-daughter-on-alright/
2025-07-17 16:31:17,433 - INFO - daily_scraper_all_hiphop.py:149 -  Already exists, skipping: https://allhiphop.com/music/wu-tang-dj-mathematics-releases-sinners-mo-better-blues-with-erick-sermon-keith-murray-jamal/
2025-07-17 16:31:17,434 - INFO - daily_scraper_all_hiphop.py:149 -  Already exists, skipping: https://allhiphop.com/music/olly-sholotan-to-release-visual-for-i-go-dey-vex/
2025-07-17 16:31:17,434 - INFO - daily_scraper_all_hiphop.py:174 -  Done with section: music, Total new added: 0
2025-07-17 16:31:17,434 - INFO - daily_scraper_all_hiphop.py:134 -  Scraping opinion page: https://allhiphop.com/opinion/page/1/
2025-07-17 16:31:21,368 - INFO - daily_scraper_all_hiphop.py:149 -  Already exists, skipping: https://allhiphop.com/opinion/clipse-drops-first-album-in-16-years-heres-why-its-a-game-changer/
2025-07-17 16:31:21,369 - INFO - daily_scraper_all_hiphop.py:149 -  Already exists, skipping: https://allhiphop.com/opinion/diddys-trial-nears-end-heres-how-ai-predicts-verdict/
2025-07-17 16:31:21,369 - INFO - daily_scraper_all_hiphop.py:149 -  Already exists, skipping: https://allhiphop.com/opinion/juneteenth-reflections-on-unity-trust-pure-black-love/
2025-07-17 16:31:21,369 - INFO - daily_scraper_all_hiphop.py:149 -  Already exists, skipping: https://allhiphop.com/opinion/op-ed-what-comic-con-taught-me-about-morality-fandom-america/
2025-07-17 16:31:21,369 - INFO - daily_scraper_all_hiphop.py:149 -  Already exists, skipping: https://allhiphop.com/opinion/memorial-day-was-a-black-led-celebration-of-freedom-that-racism-tried-to-erase/
2025-07-17 16:31:21,369 - INFO - daily_scraper_all_hiphop.py:149 -  Already exists, skipping: https://allhiphop.com/opinion/sacha-jenkins-visionary-in-hip-hop-and-counter-in-culture-chuck-creekmur-remembers/
2025-07-17 16:31:21,369 - INFO - daily_scraper_all_hiphop.py:149 -  Already exists, skipping: https://allhiphop.com/rumors/jewish-community-reacts-to-kanye-wests-apology-for-antisemitic-warpath/
2025-07-17 16:31:21,369 - INFO - daily_scraper_all_hiphop.py:149 -  Already exists, skipping: https://allhiphop.com/features/albums-that-rewrote-rap-history-the-seven-wonders-of-the-hip-hop-world-part-i/
2025-07-17 16:31:21,369 - INFO - daily_scraper_all_hiphop.py:149 -  Already exists, skipping: https://allhiphop.com/features/malcolm-x-isnt-just-history-hes-hip-hops-future-if-it-wants-to-survive/
2025-07-17 16:31:21,369 - INFO - daily_scraper_all_hiphop.py:149 -  Already exists, skipping: https://allhiphop.com/opinion/met-gala-theme-tailoring-black-style-so-why-did-the-red-carpet-look-so-basic/
2025-07-17 16:31:21,370 - INFO - daily_scraper_all_hiphop.py:149 -  Already exists, skipping: https://allhiphop.com/opinion/beyonce-just-changed-country-musics-rules/
2025-07-17 16:31:21,370 - INFO - daily_scraper_all_hiphop.py:149 -  Already exists, skipping: https://allhiphop.com/rumors/does-trump-want-to-pay-white-people-5000-to-have-babies/
2025-07-17 16:31:21,370 - INFO - daily_scraper_all_hiphop.py:149 -  Already exists, skipping: https://allhiphop.com/opinion/cory-booker-hakeem-jeffries-and-persist-network-fight-for-justice-on-capitol-hill-using-john-lewis-spirit/
2025-07-17 16:31:21,370 - INFO - daily_scraper_all_hiphop.py:149 -  Already exists, skipping: https://allhiphop.com/ahhplus/did-daredevil-born-again-flop-or-are-there-racists-hating-on-progressive-marvel/
2025-07-17 16:31:21,370 - INFO - daily_scraper_all_hiphop.py:149 -  Already exists, skipping: https://allhiphop.com/opinion/playboi-carti-is-confusing-chaotic-but-lowkey-brilliant/
2025-07-17 16:31:21,370 - INFO - daily_scraper_all_hiphop.py:174 -  Done with section: opinion, Total new added: 0
2025-07-17 16:31:21,370 - INFO - daily_scraper_all_hiphop.py:134 -  Scraping exclusives page: https://allhiphop.com/exclusives/page/1/
2025-07-17 16:31:23,718 - INFO - daily_scraper_all_hiphop.py:149 -  Already exists, skipping: https://allhiphop.com/features/squid-game-stars-park-sung-hoon-kang-ae-sim-talk-season-3-hip-hops-influence-more/
2025-07-17 16:31:23,718 - INFO - daily_scraper_all_hiphop.py:149 -  Already exists, skipping: https://allhiphop.com/news/roc-nation-ceo-desiree-perez-demoree-hadley-contempt-threats-cyberstalking/
2025-07-17 16:31:23,718 - INFO - daily_scraper_all_hiphop.py:149 -  Already exists, skipping: https://allhiphop.com/news/drake-outs-guy-paid-bots-kendrick-lamar/
2025-07-17 16:31:23,718 - INFO - daily_scraper_all_hiphop.py:149 -  Already exists, skipping: https://allhiphop.com/news/consequence-reunites-with-kanye-west-for-new-music-release/
2025-07-17 16:31:23,718 - INFO - daily_scraper_all_hiphop.py:149 -  Already exists, skipping: https://allhiphop.com/news/megan-thee-stallion-demands-access-to-milagro-gramz-social-media-accounts/
2025-07-17 16:31:23,719 - INFO - daily_scraper_all_hiphop.py:149 -  Already exists, skipping: https://allhiphop.com/opinion/clipse-drops-first-album-in-16-years-heres-why-its-a-game-changer/
2025-07-17 16:31:23,719 - INFO - daily_scraper_all_hiphop.py:149 -  Already exists, skipping: https://allhiphop.com/features/hip-hop-gamers-vision-from-denzel-washingtons-school-to-samsung-studios-to-bars-with-papoose/
2025-07-17 16:31:23,719 - INFO - daily_scraper_all_hiphop.py:149 -  Already exists, skipping: https://allhiphop.com/exclusives/zeddy-will-gives-up-on-coco-jones-crush-shifts-to-baddies-new-album/
2025-07-17 16:31:23,719 - INFO - daily_scraper_all_hiphop.py:149 -  Already exists, skipping: https://allhiphop.com/news/exclusive-cardi-b-fights-back-against-greasy-producers-says-their-copyright-lawsuit-is-bogus/
2025-07-17 16:31:23,719 - INFO - daily_scraper_all_hiphop.py:149 -  Already exists, skipping: https://allhiphop.com/news/fat-joe-accused-of-using-former-hypemans-per-diem-to-pay-off-taxes/
2025-07-17 16:31:23,719 - INFO - daily_scraper_all_hiphop.py:149 -  Already exists, skipping: https://allhiphop.com/news/exclusive-judge-tanks-t-i-s-hope-to-use-situationships-for-new-movie/
2025-07-17 16:31:23,719 - INFO - daily_scraper_all_hiphop.py:149 -  Already exists, skipping: https://allhiphop.com/features/superman-2025-offers-light-fantastical-take-on-man-of-steel/
2025-07-17 16:31:23,719 - INFO - daily_scraper_all_hiphop.py:149 -  Already exists, skipping: https://allhiphop.com/exclusives/trae-tha-truth-talks-baby-truth-new-album-dj-screw-legacy-houstons-cultural-power/
2025-07-17 16:31:23,720 - INFO - daily_scraper_all_hiphop.py:149 -  Already exists, skipping: https://allhiphop.com/exclusives/arrested-development-new-album-adult-contemporary-hip-hop/
2025-07-17 16:31:23,720 - INFO - daily_scraper_all_hiphop.py:149 -  Already exists, skipping: https://allhiphop.com/features/squid-game-stars-jo-yu-ri-yim-si-wan-talk-season-3-hip-hop-culture-more/
2025-07-17 16:31:23,720 - INFO - daily_scraper_all_hiphop.py:174 -  Done with section: exclusives, Total new added: 0
2025-07-17 16:31:23,720 - INFO - daily_scraper_all_hiphop.py:101 -  No new articles to save.
2025-07-17 16:31:23,720 - INFO - daily_scraper_all_hiphop.py:207 -  All scraping complete. Final total: 359 articles.
2025-07-17 16:31:57,552 - INFO - daily_scraper_okay_player.py:151 -  Starting OkayPlayer Scraper...
2025-07-17 16:31:57,560 - INFO - daily_scraper_okay_player.py:58 -  Loaded 359 existing URLs from daily_news_pipeline/news_scrapers/news_articles_data/news_articles_scrap_data.json
2025-07-17 16:31:57,756 - INFO - daily_scraper_okay_player.py:107 -  Skipping existing: https://www.okayplayer.com/ayo-edebiri-emmy-nomination-2025
2025-07-17 16:31:57,757 - INFO - daily_scraper_okay_player.py:107 -  Skipping existing: https://www.okayplayer.com/nicki-minaj-sza-beef
2025-07-17 16:31:57,757 - INFO - daily_scraper_okay_player.py:107 -  Skipping existing: https://www.okayplayer.com/clipse-jay-z-feature
2025-07-17 16:31:57,757 - INFO - daily_scraper_okay_player.py:107 -  Skipping existing: https://www.okayplayer.com/beyonce-music-stolen
2025-07-17 16:31:57,757 - INFO - daily_scraper_okay_player.py:107 -  Skipping existing: https://www.okayplayer.com/drake-london-rappers
2025-07-17 16:31:57,757 - INFO - daily_scraper_okay_player.py:107 -  Skipping existing: https://www.okayplayer.com/jay-z-paternity-test-lawsuit
2025-07-17 16:31:57,757 - INFO - daily_scraper_okay_player.py:153 - Scraping section pages...
2025-07-17 16:31:57,757 - INFO - daily_scraper_okay_player.py:161 - Scraping section: https://www.okayplayer.com/music
2025-07-17 16:31:57,764 - INFO - daily_scraper_okay_player.py:58 -  Loaded 359 existing URLs from daily_news_pipeline/news_scrapers/news_articles_data/news_articles_scrap_data.json
2025-07-17 16:31:57,842 - INFO - daily_scraper_okay_player.py:107 -  Skipping existing: https://www.okayplayer.com/montreal-jazz-fest-2025
2025-07-17 16:31:57,842 - INFO - daily_scraper_okay_player.py:107 -  Skipping existing: https://www.okayplayer.com/skepta-joyner-lucas-diss
2025-07-17 16:31:57,843 - INFO - daily_scraper_okay_player.py:107 -  Skipping existing: https://www.okayplayer.com/clipse-let-god-sort-em-out
2025-07-17 16:31:57,843 - INFO - daily_scraper_okay_player.py:107 -  Skipping existing: https://www.okayplayer.com/umg-ai-strategy
2025-07-17 16:31:57,843 - INFO - daily_scraper_okay_player.py:107 -  Skipping existing: https://www.okayplayer.com/joyner-lucas-skepta-battle
2025-07-17 16:31:57,843 - INFO - daily_scraper_okay_player.py:107 -  Skipping existing: https://www.okayplayer.com/syd-die-for-this
2025-07-17 16:31:57,843 - INFO - daily_scraper_okay_player.py:161 - Scraping section: https://www.okayplayer.com/originals
2025-07-17 16:31:57,848 - INFO - daily_scraper_okay_player.py:58 -  Loaded 359 existing URLs from daily_news_pipeline/news_scrapers/news_articles_data/news_articles_scrap_data.json
2025-07-17 16:31:57,930 - INFO - daily_scraper_okay_player.py:107 -  Skipping existing: https://www.okayplayer.com/ironheart-director-interview
2025-07-17 16:31:57,930 - INFO - daily_scraper_okay_player.py:107 -  Skipping existing: https://www.okayplayer.com/the-12-best-moments-from-the-2025-rock-the-bells-festival
2025-07-17 16:31:57,930 - INFO - daily_scraper_okay_player.py:107 -  Skipping existing: https://www.okayplayer.com/the-weeknd-after-hours
2025-07-17 16:31:57,930 - INFO - daily_scraper_okay_player.py:107 -  Skipping existing: https://www.okayplayer.com/loaded-lux-joey-badass-my-town
2025-07-17 16:31:57,931 - INFO - daily_scraper_okay_player.py:107 -  Skipping existing: https://www.okayplayer.com/history-of-bad-record-deals
2025-07-17 16:31:57,931 - INFO - daily_scraper_okay_player.py:107 -  Skipping existing: https://www.okayplayer.com/sza-passes-adele-on-billboard
2025-07-17 16:31:57,931 - INFO - daily_scraper_okay_player.py:161 - Scraping section: https://www.okayplayer.com/culture
2025-07-17 16:31:57,938 - INFO - daily_scraper_okay_player.py:58 -  Loaded 359 existing URLs from daily_news_pipeline/news_scrapers/news_articles_data/news_articles_scrap_data.json
2025-07-17 16:31:58,016 - INFO - daily_scraper_okay_player.py:107 -  Skipping existing: https://www.okayplayer.com/ayo-edebiri-emmy-nomination-2025
2025-07-17 16:31:58,016 - INFO - daily_scraper_okay_player.py:107 -  Skipping existing: https://www.okayplayer.com/love-island-psychology
2025-07-17 16:31:58,016 - INFO - daily_scraper_okay_player.py:107 -  Skipping existing: https://www.okayplayer.com/love-island-cast-theme-songs
2025-07-17 16:31:58,016 - INFO - daily_scraper_okay_player.py:107 -  Skipping existing: https://www.okayplayer.com/black-men-share-what-they-do-for-overwhelm
2025-07-17 16:31:58,016 - INFO - daily_scraper_okay_player.py:107 -  Skipping existing: https://www.okayplayer.com/10-soulquarians-tracks-playlist
2025-07-17 16:31:58,016 - INFO - daily_scraper_okay_player.py:107 -  Skipping existing: https://www.okayplayer.com/cynthia-erivo-movie-michael-bay
2025-07-17 16:31:58,016 - INFO - daily_scraper_okay_player.py:161 - Scraping section: https://www.okayplayer.com/cities
2025-07-17 16:31:58,021 - INFO - daily_scraper_okay_player.py:58 -  Loaded 359 existing URLs from daily_news_pipeline/news_scrapers/news_articles_data/news_articles_scrap_data.json
2025-07-17 16:31:58,099 - INFO - daily_scraper_okay_player.py:107 -  Skipping existing: https://www.okayplayer.com/studio-dem-carribean-culture-williamsburg
2025-07-17 16:31:58,099 - INFO - daily_scraper_okay_player.py:107 -  Skipping existing: https://www.okayplayer.com/free-new-york-social-activities
2025-07-17 16:31:58,099 - INFO - daily_scraper_okay_player.py:107 -  Skipping existing: https://www.okayplayer.com/cities/new-york/nyc-events-to-do-this-weekend.html
2025-07-17 16:31:58,099 - INFO - daily_scraper_okay_player.py:107 -  Skipping existing: https://www.okayplayer.com/how-to-be-outside-inside-bub-styles
2025-07-17 16:31:58,099 - INFO - daily_scraper_okay_player.py:107 -  Skipping existing: https://www.okayplayer.com/outside-inside-miabelle
2025-07-17 16:31:58,099 - INFO - daily_scraper_okay_player.py:107 -  Skipping existing: https://www.okayplayer.com/spearhead-spirits-afrobeats-night
2025-07-17 16:31:58,099 - INFO - daily_scraper_okay_player.py:163 - Scraping finished successfully.
2025-07-17 16:54:06,966 - INFO - daily_scraper_all_hiphop.py:140 -  Scraping news page: https://allhiphop.com/news/page/1/
2025-07-17 16:54:11,618 - INFO - daily_scraper_all_hiphop.py:179 -  Added [1/15] to news: Beyonc, JAY-Z Face Off In High-Stakes Emmy Race...
2025-07-17 16:54:12,650 - INFO - daily_scraper_all_hiphop.py:179 -  Added [2/15] to news: President Trump & Pam Biondi Fires Diddy & Epstein Prosecuto...
2025-07-17 16:54:14,183 - INFO - daily_scraper_all_hiphop.py:179 -  Added [3/15] to news: Barack Obama Relieved He Never Had Son...
2025-07-17 16:54:16,696 - INFO - daily_scraper_all_hiphop.py:179 -  Added [4/15] to news: Project Pats Sons Accused Killer Arrested After Struggle W...
2025-07-17 16:54:19,238 - INFO - daily_scraper_all_hiphop.py:179 -  Added [5/15] to news: Freddie Gibbs & The Alchemist Bring Alfredo To Life With N...
2025-07-17 16:54:21,705 - INFO - daily_scraper_all_hiphop.py:179 -  Added [6/15] to news: Donald Trump Calls For Special Prosecutor As All Hell Breaks...
2025-07-17 16:54:23,580 - INFO - daily_scraper_all_hiphop.py:179 -  Added [7/15] to news: Eminems STANS Documentary Hits Theaters Worldwide For One...
2025-07-17 16:54:24,667 - INFO - daily_scraper_all_hiphop.py:179 -  Added [8/15] to news: EXCLUSIVE: Damon Dash Ordered To Court By Judge To Explain H...
2025-07-17 16:54:25,798 - INFO - daily_scraper_all_hiphop.py:179 -  Added [9/15] to news: SZA & Nicki Minaj Beef Explained By TDEs Punch Amid Social ...
2025-07-17 16:54:26,781 - INFO - daily_scraper_all_hiphop.py:179 -  Added [10/15] to news: Nicki Minaj Explodes After SZA Flaunts Career Milestones Ami...
2025-07-17 16:54:27,840 - INFO - daily_scraper_all_hiphop.py:179 -  Added [11/15] to news: Beyonc Concert Ends In Chaos As Escalator Stampede Injures ...
2025-07-17 16:54:31,479 - INFO - daily_scraper_all_hiphop.py:179 -  Added [12/15] to news: Shaq Threatens To Punch Robert Griffin III Over Angel Reese ...
2025-07-17 16:54:32,907 - INFO - daily_scraper_all_hiphop.py:179 -  Added [13/15] to news: Troy Ave Fires At Goon During Attempted Robbery In San Diego...
2025-07-17 16:54:36,079 - INFO - daily_scraper_all_hiphop.py:179 -  Added [14/15] to news: T.D. Jakes Claims 44,000 AI Bots Spread Diddy Lies In Digita...
2025-07-17 16:54:38,621 - INFO - daily_scraper_all_hiphop.py:179 -  Added [15/15] to news: Kendrick Lamar Scores Four Emmy Nods After Dismantling Drake...
2025-07-17 16:54:38,621 - INFO - daily_scraper_all_hiphop.py:180 -  Done with section: news, Total new added: 15
2025-07-17 16:54:38,621 - INFO - daily_scraper_all_hiphop.py:140 -  Scraping rumors page: https://allhiphop.com/rumors/page/1/
2025-07-17 16:54:42,941 - INFO - daily_scraper_all_hiphop.py:179 -  Added [1/15] to rumors: TDEs Punch Warns Akademiks For Bullying SZA & Joining In Ni...
2025-07-17 16:54:43,505 - INFO - daily_scraper_all_hiphop.py:179 -  Added [2/15] to rumors: Troy Aves Alleged Shootout Has People Asking Questions Abou...
2025-07-17 16:54:44,653 - INFO - daily_scraper_all_hiphop.py:179 -  Added [3/15] to rumors: Joyner Lucas Responds To Skeptas Friendly Fire Diss With ...
2025-07-17 16:54:45,006 - INFO - daily_scraper_all_hiphop.py:179 -  Added [4/15] to rumors: Fat Joe Seems To Reveal Five Percent Nation Proof Of God Cr...
2025-07-17 16:54:47,391 - INFO - daily_scraper_all_hiphop.py:179 -  Added [5/15] to rumors: Justin Biebers Shot At Clipse Gives Hip-Hop Pause At Pop St...
2025-07-17 16:54:47,745 - INFO - daily_scraper_all_hiphop.py:179 -  Added [6/15] to rumors: Top5 Reportedly Fighting for His Life , UK Rapper Calls Him ...
2025-07-17 16:54:48,115 - INFO - daily_scraper_all_hiphop.py:179 -  Added [7/15] to rumors: SIGNS: Black Cyclist Arrested For Shooting His White Attacke...
2025-07-17 16:54:48,859 - INFO - daily_scraper_all_hiphop.py:179 -  Added [8/15] to rumors: Drakes Pal Stabbed In UKBut Survives Alleged Attack...
2025-07-17 16:54:49,681 - INFO - daily_scraper_all_hiphop.py:179 -  Added [9/15] to rumors: Playboi Carti Rapper Destroy Lonely Criticized After Alleged...
2025-07-17 16:54:51,031 - INFO - daily_scraper_all_hiphop.py:179 -  Added [10/15] to rumors: Pusha T Slams Kanye West Over Leaked Texts & Loyalty...
2025-07-17 16:54:52,044 - INFO - daily_scraper_all_hiphop.py:179 -  Added [11/15] to rumors: Bhad Bhabie Explodes Over Alleged Lawsuit Leak By Her Mother...
2025-07-17 16:54:52,417 - INFO - daily_scraper_all_hiphop.py:179 -  Added [12/15] to rumors: JAY-Z Could Have Been On Clipse Album Let God Sort Em Out ...
2025-07-17 16:54:53,451 - INFO - daily_scraper_all_hiphop.py:179 -  Added [13/15] to rumors: Gervonta Tank Davis Allegedly Beat Baby Moms 10 Times, Fac...
2025-07-17 16:54:54,458 - INFO - daily_scraper_all_hiphop.py:179 -  Added [14/15] to rumors: Cardi B Fires Back At BBL Smell Rumors In No-Filter Rant...
2025-07-17 16:54:55,559 - INFO - daily_scraper_all_hiphop.py:179 -  Added [15/15] to rumors: Kanye West Misses Pusha T, Pusha T Doesnt Care...
2025-07-17 16:54:55,559 - INFO - daily_scraper_all_hiphop.py:180 -  Done with section: rumors, Total new added: 15
2025-07-17 16:54:55,559 - INFO - daily_scraper_all_hiphop.py:140 -  Scraping features page: https://allhiphop.com/features/page/1/
2025-07-17 16:54:59,801 - INFO - daily_scraper_all_hiphop.py:179 -  Added [1/15] to features: Consequence & Caiden Talk Upcoming Kanye West-Produced Singl...
2025-07-17 16:55:01,185 - INFO - daily_scraper_all_hiphop.py:179 -  Added [2/15] to features: Squid Game Actors Park Sung-hoon & Kang Ae-sim Talk Season...
2025-07-17 16:55:04,280 - INFO - daily_scraper_all_hiphop.py:179 -  Added [3/15] to features: Hip-Hop Gamers Vision: From Denzel Washingtons School To S...
2025-07-17 16:55:08,366 - INFO - daily_scraper_all_hiphop.py:179 -  Added [4/15] to features: Superman 2025 Offers Light & Fantastical Take On Man of St...
2025-07-17 16:55:10,290 - INFO - daily_scraper_all_hiphop.py:179 -  Added [5/15] to features: Trae Tha Truth Talks His Daughter Baby Truth, DJ Screw Legac...
2025-07-17 16:55:11,091 - INFO - daily_scraper_all_hiphop.py:179 -  Added [6/15] to features: Squid Game Stars Jo Yu-ri& Yim Si-wan Talk Season 3, Hip-...
2025-07-17 16:55:12,402 - INFO - daily_scraper_all_hiphop.py:179 -  Added [7/15] to features: Squid Game Season 3: Cast & Director Share BTS Details, Insi...
2025-07-17 16:55:15,173 - INFO - daily_scraper_all_hiphop.py:179 -  Added [8/15] to features: Tech N9nes Origin Story: Blood, Beats, and Becoming a Legen...
2025-07-17 16:55:18,574 - INFO - daily_scraper_all_hiphop.py:179 -  Added [9/15] to features: Stepbrothers For Life: Don Trip & Starlito Talk Legacy, Loya...
2025-07-17 16:55:22,666 - INFO - daily_scraper_all_hiphop.py:179 -  Added [10/15] to features: DMC, John Leguizamo, La Borinquea & Edgardo Miranda-Rodrigu...
2025-07-17 16:55:23,503 - INFO - daily_scraper_all_hiphop.py:179 -  Added [11/15] to features: Seven Wonders Of The Hip-Hop World: Part II7 Albums That Ch...
2025-07-17 16:55:24,534 - INFO - daily_scraper_all_hiphop.py:179 -  Added [12/15] to features: Rob49 Talks Stardom, Struggle & Staying Real As WTHELLY Bl...
2025-07-17 16:55:25,698 - INFO - daily_scraper_all_hiphop.py:179 -  Added [13/15] to features: Producer/Writer Rodney Barnes Talks Boondocks, Sinners, ...
2025-07-17 16:55:26,553 - INFO - daily_scraper_all_hiphop.py:179 -  Added [14/15] to features: Tom Cruises Mission: Impossible  The Final Reckoning Is ...
2025-07-17 16:55:27,499 - INFO - daily_scraper_all_hiphop.py:179 -  Added [15/15] to features: Seven Wonders Of The Hip-Hop World: Part I7 Albums That Cha...
2025-07-17 16:55:27,499 - INFO - daily_scraper_all_hiphop.py:180 -  Done with section: features, Total new added: 15
2025-07-17 16:55:27,500 - INFO - daily_scraper_all_hiphop.py:140 -  Scraping music page: https://allhiphop.com/music/page/1/
2025-07-17 16:55:32,008 - INFO - daily_scraper_all_hiphop.py:179 -  Added [1/15] to music: Tyler Watts & Jacquees Prettiest Girl...
2025-07-17 16:55:34,658 - INFO - daily_scraper_all_hiphop.py:179 -  Added [2/15] to music: Calvin Ross Wins Best R&B Artist of The Year Award and is C...
2025-07-17 16:55:35,514 - INFO - daily_scraper_all_hiphop.py:179 -  Added [3/15] to music: Bun B, DMC & Marco Polo Form Bun DMC In Super-Cypher...
2025-07-17 16:55:36,267 - INFO - daily_scraper_all_hiphop.py:179 -  Added [4/15] to music: Drizzy Tae Unveils Highly-Anticipated New Album NC-17...
2025-07-17 16:55:37,539 - INFO - daily_scraper_all_hiphop.py:179 -  Added [5/15] to music: Holy Bars & War Cries: Caleb Gordons Tactical Gospel...
2025-07-17 16:55:39,926 - INFO - daily_scraper_all_hiphop.py:179 -  Added [6/15] to music: itsHOLY Releases Showstoppa Amidst Winners Circle In Your...
2025-07-17 16:55:41,401 - INFO - daily_scraper_all_hiphop.py:179 -  Added [7/15] to music: N.O. & Krillz Deliver For Judgemental Records with Heavy Is...
2025-07-17 16:55:43,561 - INFO - daily_scraper_all_hiphop.py:179 -  Added [8/15] to music: Lizzo Drops Rap Mixtape With SZA, Doja Cat & Mad Bars For Su...
2025-07-17 16:55:44,519 - INFO - daily_scraper_all_hiphop.py:179 -  Added [9/15] to music: Neecy J Drops the Summers Ultimate Bad B#### Anthem with A...
2025-07-17 16:55:45,314 - INFO - daily_scraper_all_hiphop.py:179 -  Added [10/15] to music: B Mogul Breaks Through With Grit and Grace on New Single Do...
2025-07-17 16:55:46,215 - INFO - daily_scraper_all_hiphop.py:179 -  Added [11/15] to music: Godspeed and Vontee the Singer Release Sexy New Single Clot...
2025-07-17 16:55:47,124 - INFO - daily_scraper_all_hiphop.py:179 -  Added [12/15] to music: JID Helps Offset Go Crazy On Bodies...
2025-07-17 16:55:48,247 - INFO - daily_scraper_all_hiphop.py:179 -  Added [13/15] to music: Trae Tha Truth Brings Healing With Lecrae & Daughter On Alr...
2025-07-17 16:55:49,360 - INFO - daily_scraper_all_hiphop.py:179 -  Added [14/15] to music: Wu-Tang DJ Mathematics Releases Sinners (Mo Better Blues) ...
2025-07-17 16:56:03,155 - INFO - daily_scraper_all_hiphop.py:179 -  Added [15/15] to music: Olly Sholotan to Release Visual for I Go Dey Vex...
2025-07-17 16:56:03,155 - INFO - daily_scraper_all_hiphop.py:180 -  Done with section: music, Total new added: 15
2025-07-17 16:56:03,155 - INFO - daily_scraper_all_hiphop.py:140 -  Scraping opinion page: https://allhiphop.com/opinion/page/1/
2025-07-17 16:56:07,656 - INFO - daily_scraper_all_hiphop.py:179 -  Added [1/15] to opinion: Clipse Drops First Album in 16 Years  Heres Why Its a Gam...
2025-07-17 16:56:08,370 - INFO - daily_scraper_all_hiphop.py:179 -  Added [2/15] to opinion: Diddys Trial Nears End: Heres How AI Predicts Verdict...
2025-07-17 16:56:10,666 - INFO - daily_scraper_all_hiphop.py:179 -  Added [3/15] to opinion: Juneteenth Reflections On Unity, Trust & Pure Black Love...
2025-07-17 16:56:11,364 - INFO - daily_scraper_all_hiphop.py:179 -  Added [4/15] to opinion: Op-Ed: What Phillys Fan Expo Taught Me About Morality, Fand...
2025-07-17 16:56:14,458 - INFO - daily_scraper_all_hiphop.py:179 -  Added [5/15] to opinion: Memorial Day Was Black-Led Celebration Of Freedom That Racis...
2025-07-17 16:56:15,454 - INFO - daily_scraper_all_hiphop.py:179 -  Added [6/15] to opinion: Remembering Sacha Jenkins: Visionary In Hip-Hop & Counter In...
2025-07-17 16:56:17,634 - INFO - daily_scraper_all_hiphop.py:179 -  Added [7/15] to opinion: Jewish Community Reacts To Kanye Wests Apology For Antise...
2025-07-17 16:56:17,635 - INFO - daily_scraper_all_hiphop.py:155 -  Already exists, skipping: https://allhiphop.com/features/albums-that-rewrote-rap-history-the-seven-wonders-of-the-hip-hop-world-part-i/
2025-07-17 16:56:18,507 - INFO - daily_scraper_all_hiphop.py:179 -  Added [8/15] to opinion: Malcolm X Turns 100: Hes Not Just HistoryHes Hip-Hops Fu...
2025-07-17 16:56:19,157 - INFO - daily_scraper_all_hiphop.py:179 -  Added [9/15] to opinion: Met Galas Theme Was Tailoring Black StyleSo Why Did The Re...
2025-07-17 16:56:20,445 - INFO - daily_scraper_all_hiphop.py:179 -  Added [10/15] to opinion: Beyonc Just Changed Country Musics Rules...
2025-07-17 16:56:20,814 - INFO - daily_scraper_all_hiphop.py:179 -  Added [11/15] to opinion: Does Trump Want To Pay White People $5,000 To Have Babies?...
2025-07-17 16:56:24,652 - INFO - daily_scraper_all_hiphop.py:179 -  Added [12/15] to opinion: Cory Booker, Hakeem Jeffries And Persist Network Fight For J...
2025-07-17 16:56:29,311 - INFO - daily_scraper_all_hiphop.py:179 -  Added [13/15] to opinion: Did Daredevil: Born Again Flop Or Are There Racists Hating...
2025-07-17 16:56:32,326 - INFO - daily_scraper_all_hiphop.py:179 -  Added [14/15] to opinion: Playboi Carti Is Confusing & Chaotic But Lowkey Brilliant...
2025-07-17 16:56:32,327 - INFO - daily_scraper_all_hiphop.py:180 -  Done with section: opinion, Total new added: 14
2025-07-17 16:56:32,327 - INFO - daily_scraper_all_hiphop.py:140 -  Scraping exclusives page: https://allhiphop.com/exclusives/page/1/
2025-07-17 16:56:33,626 - INFO - daily_scraper_all_hiphop.py:155 -  Already exists, skipping: https://allhiphop.com/features/squid-game-stars-park-sung-hoon-kang-ae-sim-talk-season-3-hip-hops-influence-more/
2025-07-17 16:56:47,158 - INFO - daily_scraper_all_hiphop.py:179 -  Added [1/15] to exclusives: EXCLUSIVE: Roc Nation Wants CEOs Daughter Held In Contempt ...
2025-07-17 16:56:48,004 - INFO - daily_scraper_all_hiphop.py:179 -  Added [2/15] to exclusives: EXCLUSIVE: Drake Outs Guy Who Allegedly Paid Bots To Boost ...
2025-07-17 16:56:50,766 - INFO - daily_scraper_all_hiphop.py:179 -  Added [3/15] to exclusives: Consequence Reunites With Kanye West For New Music Release...
2025-07-17 16:56:51,984 - INFO - daily_scraper_all_hiphop.py:179 -  Added [4/15] to exclusives: EXCLUSIVE: Megan Thee Stallion Demands Access To Milagro Gra...
2025-07-17 16:56:51,984 - INFO - daily_scraper_all_hiphop.py:155 -  Already exists, skipping: https://allhiphop.com/opinion/clipse-drops-first-album-in-16-years-heres-why-its-a-game-changer/
2025-07-17 16:56:51,985 - INFO - daily_scraper_all_hiphop.py:155 -  Already exists, skipping: https://allhiphop.com/features/hip-hop-gamers-vision-from-denzel-washingtons-school-to-samsung-studios-to-bars-with-papoose/
2025-07-17 16:56:53,095 - INFO - daily_scraper_all_hiphop.py:179 -  Added [5/15] to exclusives: Coco Jones Gets Engaged, Zeddy Wills Dream Is Crushed & Beg...
2025-07-17 16:56:53,868 - INFO - daily_scraper_all_hiphop.py:179 -  Added [6/15] to exclusives: EXCLUSIVE: Cardi B Fights Back Against GreasyFry Producers...
2025-07-17 16:56:54,280 - INFO - daily_scraper_all_hiphop.py:179 -  Added [7/15] to exclusives: EXCLUSIVE: Fat Joe Accused Of Using Former Hypemans Per Die...
2025-07-17 16:56:55,415 - INFO - daily_scraper_all_hiphop.py:179 -  Added [8/15] to exclusives: EXCLUSIVE: Judge Tanks T.I.s Hope To Use Situationships F...
2025-07-17 16:56:55,415 - INFO - daily_scraper_all_hiphop.py:155 -  Already exists, skipping: https://allhiphop.com/features/superman-2025-offers-light-fantastical-take-on-man-of-steel/
2025-07-17 16:56:55,416 - INFO - daily_scraper_all_hiphop.py:155 -  Already exists, skipping: https://allhiphop.com/exclusives/trae-tha-truth-talks-baby-truth-new-album-dj-screw-legacy-houstons-cultural-power/
2025-07-17 16:56:56,381 - INFO - daily_scraper_all_hiphop.py:179 -  Added [9/15] to exclusives: Arrested Development Dedicates Adult Contemporary Hip Hop ...
2025-07-17 16:56:56,382 - INFO - daily_scraper_all_hiphop.py:155 -  Already exists, skipping: https://allhiphop.com/features/squid-game-stars-jo-yu-ri-yim-si-wan-talk-season-3-hip-hop-culture-more/
2025-07-17 16:56:56,382 - INFO - daily_scraper_all_hiphop.py:180 -  Done with section: exclusives, Total new added: 9
2025-07-17 16:56:56,385 - INFO - daily_scraper_all_hiphop.py:126 -  Appended 83 new articles to /home/ayush/Office WorkSpace/StevesAI Lab/New_News_Rag_App_V2/daily_news_pipeline/news_scrapers/news_articles_data/news_articles_scrap_data.json
2025-07-17 16:56:56,385 - INFO - daily_scraper_all_hiphop.py:213 -  All scraping complete. Final total: 83 articles.
2025-07-17 16:57:31,303 - INFO - daily_scraper_okay_player.py:151 -  Starting OkayPlayer Scraper...
2025-07-17 16:57:31,304 - INFO - daily_scraper_okay_player.py:58 -  Loaded 110 existing URLs from /home/ayush/Office WorkSpace/StevesAI Lab/New_News_Rag_App_V2/daily_news_pipeline/news_scrapers/news_articles_data/news_articles_scrap_data.json
2025-07-17 16:57:31,820 - INFO - daily_scraper_okay_player.py:134 -  Added [1/15]: https://www.okayplayer.com/ayo-edebiri-emmy-nomination-2025
2025-07-17 16:57:33,043 - INFO - daily_scraper_okay_player.py:134 -  Added [2/15]: https://www.okayplayer.com/nicki-minaj-sza-beef
2025-07-17 16:57:34,130 - INFO - daily_scraper_okay_player.py:134 -  Added [3/15]: https://www.okayplayer.com/clipse-jay-z-feature
2025-07-17 16:57:35,222 - INFO - daily_scraper_okay_player.py:134 -  Added [4/15]: https://www.okayplayer.com/beyonce-music-stolen
2025-07-17 16:57:36,311 - INFO - daily_scraper_okay_player.py:134 -  Added [5/15]: https://www.okayplayer.com/drake-london-rappers
2025-07-17 16:57:37,399 - INFO - daily_scraper_okay_player.py:134 -  Added [6/15]: https://www.okayplayer.com/jay-z-paternity-test-lawsuit
2025-07-17 16:57:38,402 - INFO - daily_scraper_okay_player.py:73 -  Appended 6 articles to /home/ayush/Office WorkSpace/StevesAI Lab/New_News_Rag_App_V2/daily_news_pipeline/news_scrapers/news_articles_data/news_articles_scrap_data.json
2025-07-17 16:57:38,403 - INFO - daily_scraper_okay_player.py:153 - Scraping section pages...
2025-07-17 16:57:38,403 - INFO - daily_scraper_okay_player.py:161 - Scraping section: https://www.okayplayer.com/music
2025-07-17 16:57:38,404 - INFO - daily_scraper_okay_player.py:58 -  Loaded 116 existing URLs from /home/ayush/Office WorkSpace/StevesAI Lab/New_News_Rag_App_V2/daily_news_pipeline/news_scrapers/news_articles_data/news_articles_scrap_data.json
2025-07-17 16:57:38,583 - INFO - daily_scraper_okay_player.py:134 -  Added [1/15]: https://www.okayplayer.com/montreal-jazz-fest-2025
2025-07-17 16:57:39,672 - INFO - daily_scraper_okay_player.py:134 -  Added [2/15]: https://www.okayplayer.com/skepta-joyner-lucas-diss
2025-07-17 16:57:40,759 - INFO - daily_scraper_okay_player.py:134 -  Added [3/15]: https://www.okayplayer.com/clipse-let-god-sort-em-out
2025-07-17 16:57:41,853 - INFO - daily_scraper_okay_player.py:134 -  Added [4/15]: https://www.okayplayer.com/umg-ai-strategy
2025-07-17 16:57:42,940 - INFO - daily_scraper_okay_player.py:134 -  Added [5/15]: https://www.okayplayer.com/joyner-lucas-skepta-battle
2025-07-17 16:57:44,028 - INFO - daily_scraper_okay_player.py:134 -  Added [6/15]: https://www.okayplayer.com/syd-die-for-this
2025-07-17 16:57:45,032 - INFO - daily_scraper_okay_player.py:73 -  Appended 6 articles to /home/ayush/Office WorkSpace/StevesAI Lab/New_News_Rag_App_V2/daily_news_pipeline/news_scrapers/news_articles_data/news_articles_scrap_data.json
2025-07-17 16:57:45,032 - INFO - daily_scraper_okay_player.py:161 - Scraping section: https://www.okayplayer.com/originals
2025-07-17 16:57:45,033 - INFO - daily_scraper_okay_player.py:58 -  Loaded 122 existing URLs from /home/ayush/Office WorkSpace/StevesAI Lab/New_News_Rag_App_V2/daily_news_pipeline/news_scrapers/news_articles_data/news_articles_scrap_data.json
2025-07-17 16:57:45,196 - INFO - daily_scraper_okay_player.py:134 -  Added [1/15]: https://www.okayplayer.com/ironheart-director-interview
2025-07-17 16:57:46,293 - INFO - daily_scraper_okay_player.py:134 -  Added [2/15]: https://www.okayplayer.com/the-12-best-moments-from-the-2025-rock-the-bells-festival
2025-07-17 16:57:47,373 - INFO - daily_scraper_okay_player.py:134 -  Added [3/15]: https://www.okayplayer.com/the-weeknd-after-hours
2025-07-17 16:57:48,457 - INFO - daily_scraper_okay_player.py:134 -  Added [4/15]: https://www.okayplayer.com/loaded-lux-joey-badass-my-town
2025-07-17 16:57:49,548 - INFO - daily_scraper_okay_player.py:134 -  Added [5/15]: https://www.okayplayer.com/history-of-bad-record-deals
2025-07-17 16:57:50,632 - INFO - daily_scraper_okay_player.py:134 -  Added [6/15]: https://www.okayplayer.com/sza-passes-adele-on-billboard
2025-07-17 16:57:51,648 - INFO - daily_scraper_okay_player.py:73 -  Appended 6 articles to /home/ayush/Office WorkSpace/StevesAI Lab/New_News_Rag_App_V2/daily_news_pipeline/news_scrapers/news_articles_data/news_articles_scrap_data.json
2025-07-17 16:57:51,649 - INFO - daily_scraper_okay_player.py:161 - Scraping section: https://www.okayplayer.com/culture
2025-07-17 16:57:51,651 - INFO - daily_scraper_okay_player.py:58 -  Loaded 128 existing URLs from /home/ayush/Office WorkSpace/StevesAI Lab/New_News_Rag_App_V2/daily_news_pipeline/news_scrapers/news_articles_data/news_articles_scrap_data.json
2025-07-17 16:57:51,727 - INFO - daily_scraper_okay_player.py:107 -  Skipping existing: https://www.okayplayer.com/ayo-edebiri-emmy-nomination-2025
2025-07-17 16:57:51,814 - INFO - daily_scraper_okay_player.py:134 -  Added [1/15]: https://www.okayplayer.com/love-island-psychology
2025-07-17 16:57:52,912 - INFO - daily_scraper_okay_player.py:134 -  Added [2/15]: https://www.okayplayer.com/love-island-cast-theme-songs
2025-07-17 16:57:53,992 - INFO - daily_scraper_okay_player.py:134 -  Added [3/15]: https://www.okayplayer.com/black-men-share-what-they-do-for-overwhelm
2025-07-17 16:57:55,187 - INFO - daily_scraper_okay_player.py:134 -  Added [4/15]: https://www.okayplayer.com/10-soulquarians-tracks-playlist
2025-07-17 16:57:56,315 - INFO - daily_scraper_okay_player.py:134 -  Added [5/15]: https://www.okayplayer.com/cynthia-erivo-movie-michael-bay
2025-07-17 16:57:57,321 - INFO - daily_scraper_okay_player.py:73 -  Appended 5 articles to /home/ayush/Office WorkSpace/StevesAI Lab/New_News_Rag_App_V2/daily_news_pipeline/news_scrapers/news_articles_data/news_articles_scrap_data.json
2025-07-17 16:57:57,321 - INFO - daily_scraper_okay_player.py:161 - Scraping section: https://www.okayplayer.com/cities
2025-07-17 16:57:57,323 - INFO - daily_scraper_okay_player.py:58 -  Loaded 133 existing URLs from /home/ayush/Office WorkSpace/StevesAI Lab/New_News_Rag_App_V2/daily_news_pipeline/news_scrapers/news_articles_data/news_articles_scrap_data.json
2025-07-17 16:57:57,476 - INFO - daily_scraper_okay_player.py:134 -  Added [1/15]: https://www.okayplayer.com/studio-dem-carribean-culture-williamsburg
2025-07-17 16:57:58,563 - INFO - daily_scraper_okay_player.py:134 -  Added [2/15]: https://www.okayplayer.com/free-new-york-social-activities
2025-07-17 16:57:59,653 - INFO - daily_scraper_okay_player.py:134 -  Added [3/15]: https://www.okayplayer.com/cities/new-york/nyc-events-to-do-this-weekend.html
2025-07-17 16:58:00,745 - INFO - daily_scraper_okay_player.py:134 -  Added [4/15]: https://www.okayplayer.com/how-to-be-outside-inside-bub-styles
2025-07-17 16:58:01,832 - INFO - daily_scraper_okay_player.py:134 -  Added [5/15]: https://www.okayplayer.com/outside-inside-miabelle
2025-07-17 16:58:02,945 - INFO - daily_scraper_okay_player.py:134 -  Added [6/15]: https://www.okayplayer.com/spearhead-spirits-afrobeats-night
2025-07-17 16:58:03,949 - INFO - daily_scraper_okay_player.py:73 -  Appended 6 articles to /home/ayush/Office WorkSpace/StevesAI Lab/New_News_Rag_App_V2/daily_news_pipeline/news_scrapers/news_articles_data/news_articles_scrap_data.json
2025-07-17 16:58:03,949 - INFO - daily_scraper_okay_player.py:163 - Scraping finished successfully.
