2025-07-16 17:04:09,210 - INFO - daily_scraper_all_hiphop.py:115 -  Scraping news page: https://allhiphop.com/news/page/1/
2025-07-16 17:04:13,957 - INFO - daily_scraper_all_hiphop.py:141 -  Added [1/15] to news: T.D. Jakes Claims 44,000 AI Bots Spread Diddy Lies In Digita...
2025-07-16 17:04:14,366 - INFO - daily_scraper_all_hiphop.py:141 -  Added [2/15] to news: Kendrick Lamar Scores Four Emmy Nods After Dismantling Drake...
2025-07-16 17:04:15,401 - INFO - daily_scraper_all_hiphop.py:141 -  Added [3/15] to news: EXCLUSIVE: Roc Nation Wants CEO’s Daughter Held In Contempt ...
2025-07-16 17:04:16,329 - INFO - daily_scraper_all_hiphop.py:141 -  Added [4/15] to news: Nicki Minaj Clashes With SZA Over TDE Exec Punch In Heated S...
2025-07-16 17:04:16,886 - INFO - daily_scraper_all_hiphop.py:141 -  Added [5/15] to news: Cesar Pina Pleads Not Guilty To Alleged Ponzi Scheme Involvi...
2025-07-16 17:04:18,103 - INFO - daily_scraper_all_hiphop.py:141 -  Added [6/15] to news: Fyre Festival Fetches Over $200K After Fire Sale...
2025-07-16 17:04:20,872 - INFO - daily_scraper_all_hiphop.py:141 -  Added [7/15] to news: Kim Kardashian Offers New Excuse After “Forgetting” Daughter...
2025-07-16 17:04:23,536 - INFO - daily_scraper_all_hiphop.py:141 -  Added [8/15] to news: Stevie Wonder Ends Blindness Debate With One Honest Admissio...
2025-07-16 17:04:24,826 - INFO - daily_scraper_all_hiphop.py:141 -  Added [9/15] to news: Diddy Seeks Redemption Behind Bars As Sentencing Looms...
2025-07-16 17:04:25,894 - INFO - daily_scraper_all_hiphop.py:141 -  Added [10/15] to news: Rihanna Says Her Toddler Can Freestyle...
2025-07-16 17:04:28,033 - INFO - daily_scraper_all_hiphop.py:141 -  Added [11/15] to news: Police Hunt Thief Who Stole Beyoncé’s Music...
2025-07-16 17:04:29,287 - INFO - daily_scraper_all_hiphop.py:141 -  Added [12/15] to news: Tough Guy Trey Songz Blames Media After Beating Up Photograp...
2025-07-16 17:04:30,234 - INFO - daily_scraper_all_hiphop.py:141 -  Added [13/15] to news: Kentucky Church Shooter Was An Inspiring Rapper Named H#### ...
2025-07-16 17:04:30,595 - INFO - daily_scraper_all_hiphop.py:141 -  Added [14/15] to news: EXCLUSIVE: Drake Outs Guy Who Allegedly Paid Bots To Boost “...
2025-07-16 17:04:31,351 - INFO - daily_scraper_all_hiphop.py:141 -  Added [15/15] to news: Donald Trump Draws Boos & Confusion During Chelsea’s Club Wo...
2025-07-16 17:04:31,351 - INFO - daily_scraper_all_hiphop.py:143 -  Done with section: news, Total new added: 15
2025-07-16 17:04:31,352 - INFO - daily_scraper_all_hiphop.py:115 -  Scraping rumors page: https://allhiphop.com/rumors/page/1/
2025-07-16 17:04:33,775 - INFO - daily_scraper_all_hiphop.py:141 -  Added [1/15] to rumors: Joyner Lucas Responds To Skepta’s “Friendly Fire” Diss With ...
2025-07-16 17:04:34,859 - INFO - daily_scraper_all_hiphop.py:141 -  Added [2/15] to rumors: Fat Joe Seems To Reveal Five Percent Nation Proof Of “God Cr...
2025-07-16 17:04:35,215 - INFO - daily_scraper_all_hiphop.py:141 -  Added [3/15] to rumors: Justin Bieber’s Shot At Clipse Gives Hip-Hop Pause At Pop St...
2025-07-16 17:04:36,935 - INFO - daily_scraper_all_hiphop.py:141 -  Added [4/15] to rumors: Top5 Reportedly Fighting for His Life , UK Rapper Calls Him ...
2025-07-16 17:04:39,945 - INFO - daily_scraper_all_hiphop.py:141 -  Added [5/15] to rumors: SIGNS: Black Cyclist Arrested For Shooting His White Attacke...
2025-07-16 17:04:40,620 - INFO - daily_scraper_all_hiphop.py:141 -  Added [6/15] to rumors: Drake’s Pal Stabbed In UK—But Survives Alleged Attack...
2025-07-16 17:04:41,560 - INFO - daily_scraper_all_hiphop.py:141 -  Added [7/15] to rumors: Playboi Carti Rapper Destroy Lonely Criticized After Alleged...
2025-07-16 17:04:43,888 - INFO - daily_scraper_all_hiphop.py:141 -  Added [8/15] to rumors: Pusha T Slams Kanye West Over Leaked Texts & Loyalty...
2025-07-16 17:04:44,910 - INFO - daily_scraper_all_hiphop.py:141 -  Added [9/15] to rumors: Bhad Bhabie Explodes Over Alleged Lawsuit Leak By Her Mother...
2025-07-16 17:04:46,480 - INFO - daily_scraper_all_hiphop.py:141 -  Added [10/15] to rumors: JAY-Z Could Have Been On Clipse Album “Let God Sort Em Out” ...
2025-07-16 17:04:47,522 - INFO - daily_scraper_all_hiphop.py:141 -  Added [11/15] to rumors: Gervonta ‘Tank’ Davis Allegedly Beat Baby Moms 10 Times, Fac...
2025-07-16 17:04:47,867 - INFO - daily_scraper_all_hiphop.py:141 -  Added [12/15] to rumors: Cardi B Fires Back At BBL Smell Rumors In No-Filter Rant...
2025-07-16 17:04:48,547 - INFO - daily_scraper_all_hiphop.py:141 -  Added [13/15] to rumors: Kanye West Misses Pusha T, Pusha T Doesn’t Care...
2025-07-16 17:04:49,000 - INFO - daily_scraper_all_hiphop.py:141 -  Added [14/15] to rumors: Moneybagg Yo & Ari Fletcher Set Record Straight On Breakup R...
2025-07-16 17:04:50,065 - INFO - daily_scraper_all_hiphop.py:141 -  Added [15/15] to rumors: Stefon Diggs Says Cardi B Has No “BBL Smell”...
2025-07-16 17:04:50,065 - INFO - daily_scraper_all_hiphop.py:143 -  Done with section: rumors, Total new added: 15
2025-07-16 17:04:50,065 - INFO - daily_scraper_all_hiphop.py:115 -  Scraping features page: https://allhiphop.com/features/page/1/
2025-07-16 17:04:53,032 - INFO - daily_scraper_all_hiphop.py:141 -  Added [1/15] to features: Consequence & Caiden Talk Upcoming Kanye West-Produced Singl...
2025-07-16 17:04:53,397 - INFO - daily_scraper_all_hiphop.py:141 -  Added [2/15] to features: “Squid Game” Actors Park Sung-hoon & Kang Ae-sim Talk Season...
2025-07-16 17:04:57,685 - INFO - daily_scraper_all_hiphop.py:141 -  Added [3/15] to features: Hip-Hop Gamer’s Vision: From Denzel Washington’s School To S...
2025-07-16 17:05:05,219 - INFO - daily_scraper_all_hiphop.py:141 -  Added [4/15] to features: “Superman” 2025 Offers Light & Fantastical Take On Man of St...
2025-07-16 17:05:06,443 - INFO - daily_scraper_all_hiphop.py:141 -  Added [5/15] to features: Trae Tha Truth Talks His Daughter Baby Truth, DJ Screw Legac...
2025-07-16 17:05:07,747 - INFO - daily_scraper_all_hiphop.py:141 -  Added [6/15] to features: “Squid Game” Stars Jo Yu-ri & Yim Si-wan Talk Season 3, Hip-...
2025-07-16 17:05:09,320 - INFO - daily_scraper_all_hiphop.py:141 -  Added [7/15] to features: Squid Game Season 3: Cast & Director Share BTS Details, Insi...
2025-07-16 17:05:09,694 - INFO - daily_scraper_all_hiphop.py:141 -  Added [8/15] to features: Tech N9ne’s Origin Story: Blood, Beats, and Becoming a Legen...
2025-07-16 17:05:12,114 - INFO - daily_scraper_all_hiphop.py:141 -  Added [9/15] to features: Stepbrothers For Life: Don Trip & Starlito Talk Legacy, Loya...
2025-07-16 17:05:17,272 - INFO - daily_scraper_all_hiphop.py:141 -  Added [10/15] to features: DMC, John Leguizamo, La Borinqueña & Edgardo Miranda-Rodrigu...
2025-07-16 17:05:19,321 - INFO - daily_scraper_all_hiphop.py:141 -  Added [11/15] to features: Seven Wonders Of The Hip-Hop World: Part II—7 Albums That Ch...
2025-07-16 17:05:21,857 - INFO - daily_scraper_all_hiphop.py:141 -  Added [12/15] to features: Rob49 Talks Stardom, Struggle & Staying Real As “WTHELLY” Bl...
2025-07-16 17:05:23,927 - INFO - daily_scraper_all_hiphop.py:141 -  Added [13/15] to features: Producer/Writer Rodney Barnes Talks “Boondocks,” “Sinners,” ...
2025-07-16 17:05:24,925 - INFO - daily_scraper_all_hiphop.py:141 -  Added [14/15] to features: Tom Cruise’s “Mission: Impossible – The Final Reckoning” Is ...
2025-07-16 17:05:26,084 - INFO - daily_scraper_all_hiphop.py:141 -  Added [15/15] to features: Seven Wonders Of The Hip-Hop World: Part I—7 Albums That Cha...
2025-07-16 17:05:26,084 - INFO - daily_scraper_all_hiphop.py:143 -  Done with section: features, Total new added: 15
2025-07-16 17:05:26,084 - INFO - daily_scraper_all_hiphop.py:115 -  Scraping music page: https://allhiphop.com/music/page/1/
2025-07-16 17:05:29,014 - INFO - daily_scraper_all_hiphop.py:141 -  Added [1/15] to music: Tyler Watts & Jacquees “Prettiest Girl...
2025-07-16 17:05:30,050 - INFO - daily_scraper_all_hiphop.py:141 -  Added [2/15] to music: Calvin Ross Wins Best R&B Artist of The Year Award and is “C...
2025-07-16 17:05:34,634 - INFO - daily_scraper_all_hiphop.py:141 -  Added [3/15] to music: Bun B, DMC & Marco Polo Form “Bun DMC” In Super-Cypher...
2025-07-16 17:05:35,595 - INFO - daily_scraper_all_hiphop.py:141 -  Added [4/15] to music: Drizzy Tae Unveils Highly-Anticipated New Album “NC-17”...
2025-07-16 17:05:37,172 - INFO - daily_scraper_all_hiphop.py:141 -  Added [5/15] to music: Holy Bars & War Cries: Caleb Gordon’s Tactical Gospel...
2025-07-16 17:05:38,254 - INFO - daily_scraper_all_hiphop.py:141 -  Added [6/15] to music: itsHOLY Releases “Showstoppa” Amidst ‘Winners Circle In Your...
2025-07-16 17:05:38,852 - INFO - daily_scraper_all_hiphop.py:141 -  Added [7/15] to music: N.O. & Krillz Deliver For Judgemental Records with “Heavy Is...
2025-07-16 17:05:39,943 - INFO - daily_scraper_all_hiphop.py:141 -  Added [8/15] to music: Lizzo Drops Rap Mixtape With SZA, Doja Cat & Mad Bars For Su...
2025-07-16 17:05:41,414 - INFO - daily_scraper_all_hiphop.py:141 -  Added [9/15] to music: Neecy J Drops the Summer’s Ultimate Bad B#### Anthem with “A...
2025-07-16 17:05:44,171 - INFO - daily_scraper_all_hiphop.py:141 -  Added [10/15] to music: B Mogul Breaks Through With Grit and Grace on New Single “Do...
2025-07-16 17:05:45,202 - INFO - daily_scraper_all_hiphop.py:141 -  Added [11/15] to music: Godspeed and Vontee the Singer Release Sexy New Single “Clot...
2025-07-16 17:05:45,826 - INFO - daily_scraper_all_hiphop.py:141 -  Added [12/15] to music: JID Helps Offset Go Crazy On “Bodies”...
2025-07-16 17:05:46,766 - INFO - daily_scraper_all_hiphop.py:141 -  Added [13/15] to music: Trae Tha Truth Brings Healing With Lecrae & Daughter On “Alr...
2025-07-16 17:05:47,865 - INFO - daily_scraper_all_hiphop.py:141 -  Added [14/15] to music: Wu-Tang DJ Mathematics Releases “Sinners (Mo Better Blues)” ...
2025-07-16 17:05:48,232 - INFO - daily_scraper_all_hiphop.py:141 -  Added [15/15] to music: Olly Sholotan to Release Visual for “I Go Dey Vex”...
2025-07-16 17:05:48,233 - INFO - daily_scraper_all_hiphop.py:143 -  Done with section: music, Total new added: 15
2025-07-16 17:05:48,233 - INFO - daily_scraper_all_hiphop.py:115 -  Scraping opinion page: https://allhiphop.com/opinion/page/1/
2025-07-16 17:05:50,835 - INFO - daily_scraper_all_hiphop.py:141 -  Added [1/15] to opinion: Clipse Drops First Album in 16 Years – Here’s Why It’s a Gam...
2025-07-16 17:05:51,885 - INFO - daily_scraper_all_hiphop.py:141 -  Added [2/15] to opinion: Diddy’s Trial Nears End: Here’s How AI Predicts Verdict...
2025-07-16 17:05:52,974 - INFO - daily_scraper_all_hiphop.py:141 -  Added [3/15] to opinion: Juneteenth Reflections On Unity, Trust & Pure Black Love...
2025-07-16 17:05:53,967 - INFO - daily_scraper_all_hiphop.py:141 -  Added [4/15] to opinion: Op-Ed: What Philly’s Fan Expo Taught Me About Morality, Fand...
2025-07-16 17:05:55,855 - INFO - daily_scraper_all_hiphop.py:141 -  Added [5/15] to opinion: Memorial Day Was Black-Led Celebration Of Freedom That Racis...
2025-07-16 17:05:56,849 - INFO - daily_scraper_all_hiphop.py:141 -  Added [6/15] to opinion: Remembering Sacha Jenkins: Visionary In Hip-Hop & Counter In...
2025-07-16 17:05:57,731 - INFO - daily_scraper_all_hiphop.py:141 -  Added [7/15] to opinion: Jewish Community Reacts To Kanye West’s “Apology” For Antise...
2025-07-16 17:05:57,731 - INFO - daily_scraper_all_hiphop.py:130 -  Already exists, skipping: https://allhiphop.com/features/albums-that-rewrote-rap-history-the-seven-wonders-of-the-hip-hop-world-part-i/
2025-07-16 17:06:02,208 - INFO - daily_scraper_all_hiphop.py:141 -  Added [8/15] to opinion: Malcolm X Turns 100: He’s Not Just History—He’s Hip-Hop’s Fu...
2025-07-16 17:06:03,109 - INFO - daily_scraper_all_hiphop.py:141 -  Added [9/15] to opinion: Met Gala’s Theme Was Tailoring Black Style—So Why Did The Re...
2025-07-16 17:06:03,965 - INFO - daily_scraper_all_hiphop.py:141 -  Added [10/15] to opinion: Beyoncé Just Changed Country Music’s Rules...
2025-07-16 17:06:05,259 - INFO - daily_scraper_all_hiphop.py:141 -  Added [11/15] to opinion: Does Trump Want To Pay White People $5,000 To Have Babies?...
2025-07-16 17:06:09,847 - INFO - daily_scraper_all_hiphop.py:141 -  Added [12/15] to opinion: Cory Booker, Hakeem Jeffries And Persist Network Fight For J...
2025-07-16 17:06:10,207 - INFO - daily_scraper_all_hiphop.py:141 -  Added [13/15] to opinion: Did “Daredevil: Born Again” Flop Or Are There Racists Hating...
2025-07-16 17:06:11,241 - INFO - daily_scraper_all_hiphop.py:141 -  Added [14/15] to opinion: Playboi Carti Is Confusing & Chaotic But Lowkey Brilliant...
2025-07-16 17:06:11,241 - INFO - daily_scraper_all_hiphop.py:143 -  Done with section: opinion, Total new added: 14
2025-07-16 17:06:11,241 - INFO - daily_scraper_all_hiphop.py:115 -  Scraping exclusives page: https://allhiphop.com/exclusives/page/1/
2025-07-16 17:06:12,760 - INFO - daily_scraper_all_hiphop.py:130 -  Already exists, skipping: https://allhiphop.com/features/squid-game-stars-park-sung-hoon-kang-ae-sim-talk-season-3-hip-hops-influence-more/
2025-07-16 17:06:12,760 - INFO - daily_scraper_all_hiphop.py:130 -  Already exists, skipping: https://allhiphop.com/news/roc-nation-ceo-desiree-perez-demoree-hadley-contempt-threats-cyberstalking/
2025-07-16 17:06:12,760 - INFO - daily_scraper_all_hiphop.py:130 -  Already exists, skipping: https://allhiphop.com/news/drake-outs-guy-paid-bots-kendrick-lamar/
2025-07-16 17:06:13,853 - INFO - daily_scraper_all_hiphop.py:141 -  Added [1/15] to exclusives: Consequence Reunites With Kanye West For New Music Release...
2025-07-16 17:06:16,480 - INFO - daily_scraper_all_hiphop.py:141 -  Added [2/15] to exclusives: EXCLUSIVE: Megan Thee Stallion Demands Access To Milagro Gra...
2025-07-16 17:06:16,480 - INFO - daily_scraper_all_hiphop.py:130 -  Already exists, skipping: https://allhiphop.com/opinion/clipse-drops-first-album-in-16-years-heres-why-its-a-game-changer/
2025-07-16 17:06:16,480 - INFO - daily_scraper_all_hiphop.py:130 -  Already exists, skipping: https://allhiphop.com/features/hip-hop-gamers-vision-from-denzel-washingtons-school-to-samsung-studios-to-bars-with-papoose/
2025-07-16 17:06:17,708 - INFO - daily_scraper_all_hiphop.py:141 -  Added [3/15] to exclusives: Coco Jones Gets Engaged, Zeddy Will’s Dream Is Crushed & Beg...
2025-07-16 17:06:18,799 - INFO - daily_scraper_all_hiphop.py:141 -  Added [4/15] to exclusives: EXCLUSIVE: Cardi B Fights Back Against “GreasyFry” Producers...
2025-07-16 17:06:19,484 - INFO - daily_scraper_all_hiphop.py:141 -  Added [5/15] to exclusives: EXCLUSIVE: Fat Joe Accused Of Using Former Hypeman’s Per Die...
2025-07-16 17:06:20,464 - INFO - daily_scraper_all_hiphop.py:141 -  Added [6/15] to exclusives: EXCLUSIVE: Judge Tanks T.I.’s Hope To Use “Situationships” F...
2025-07-16 17:06:20,464 - INFO - daily_scraper_all_hiphop.py:130 -  Already exists, skipping: https://allhiphop.com/features/superman-2025-offers-light-fantastical-take-on-man-of-steel/
2025-07-16 17:06:20,464 - INFO - daily_scraper_all_hiphop.py:130 -  Already exists, skipping: https://allhiphop.com/exclusives/trae-tha-truth-talks-baby-truth-new-album-dj-screw-legacy-houstons-cultural-power/
2025-07-16 17:06:21,954 - INFO - daily_scraper_all_hiphop.py:141 -  Added [7/15] to exclusives: Arrested Development Dedicates “Adult Contemporary Hip Hop” ...
2025-07-16 17:06:21,954 - INFO - daily_scraper_all_hiphop.py:130 -  Already exists, skipping: https://allhiphop.com/features/squid-game-stars-jo-yu-ri-yim-si-wan-talk-season-3-hip-hop-culture-more/
2025-07-16 17:06:21,954 - INFO - daily_scraper_all_hiphop.py:143 -  Done with section: exclusives, Total new added: 7
2025-07-16 17:06:21,955 - ERROR - daily_scraper_all_hiphop.py:106 -  Error saving results: [Errno 2] No such file or directory: 'daily_news_pipeline/news_articles_data/news_articles_data.json'
Traceback (most recent call last):
  File "G:\16-07-2025\New_News_Rag_App_V2\daily_news_pipeline\news_scrapers\daily_scraper_all_hiphop.py", line 102, in save_new_results
    with open(filename, "w", encoding="utf-8") as f:
         ^^^^^^^^^^^^^^^^^^^^^^^^^^^^^^^^^^^^^
FileNotFoundError: [Errno 2] No such file or directory: 'daily_news_pipeline/news_articles_data/news_articles_data.json'

2025-07-16 17:06:21,955 - INFO - daily_scraper_all_hiphop.py:176 -  All scraping complete. Final total: 81 articles.
2025-07-16 17:14:04,384 - INFO - daily_scraper_all_hiphop.py:127 -  Scraping news page: https://allhiphop.com/news/page/1/
2025-07-16 17:14:07,962 - INFO - daily_scraper_all_hiphop.py:153 -  Added [1/15] to news: T.D. Jakes Claims 44,000 AI Bots Spread Diddy Lies In Digita...
2025-07-16 17:14:10,101 - INFO - daily_scraper_all_hiphop.py:153 -  Added [2/15] to news: Kendrick Lamar Scores Four Emmy Nods After Dismantling Drake...
2025-07-16 17:14:14,932 - INFO - daily_scraper_all_hiphop.py:153 -  Added [3/15] to news: EXCLUSIVE: Roc Nation Wants CEO’s Daughter Held In Contempt ...
2025-07-16 17:14:16,263 - INFO - daily_scraper_all_hiphop.py:153 -  Added [4/15] to news: Nicki Minaj Clashes With SZA Over TDE Exec Punch In Heated S...
2025-07-16 17:14:21,708 - INFO - daily_scraper_all_hiphop.py:153 -  Added [5/15] to news: Cesar Pina Pleads Not Guilty To Alleged Ponzi Scheme Involvi...
2025-07-16 17:14:23,179 - INFO - daily_scraper_all_hiphop.py:153 -  Added [6/15] to news: Fyre Festival Fetches Over $200K After Fire Sale...
2025-07-16 17:14:23,563 - INFO - daily_scraper_all_hiphop.py:153 -  Added [7/15] to news: Kim Kardashian Offers New Excuse After “Forgetting” Daughter...
2025-07-16 17:14:24,601 - INFO - daily_scraper_all_hiphop.py:153 -  Added [8/15] to news: Stevie Wonder Ends Blindness Debate With One Honest Admissio...
2025-07-16 17:14:25,548 - INFO - daily_scraper_all_hiphop.py:153 -  Added [9/15] to news: Diddy Seeks Redemption Behind Bars As Sentencing Looms...
2025-07-16 17:14:28,173 - INFO - daily_scraper_all_hiphop.py:153 -  Added [10/15] to news: Rihanna Says Her Toddler Can Freestyle...
2025-07-16 17:14:29,390 - INFO - daily_scraper_all_hiphop.py:153 -  Added [11/15] to news: Police Hunt Thief Who Stole Beyoncé’s Music...
2025-07-16 17:14:30,334 - INFO - daily_scraper_all_hiphop.py:153 -  Added [12/15] to news: Tough Guy Trey Songz Blames Media After Beating Up Photograp...
2025-07-16 17:14:30,861 - INFO - daily_scraper_all_hiphop.py:153 -  Added [13/15] to news: Kentucky Church Shooter Was An Inspiring Rapper Named H#### ...
2025-07-16 17:14:31,777 - INFO - daily_scraper_all_hiphop.py:153 -  Added [14/15] to news: EXCLUSIVE: Drake Outs Guy Who Allegedly Paid Bots To Boost “...
2025-07-16 17:14:33,220 - INFO - daily_scraper_all_hiphop.py:153 -  Added [15/15] to news: Donald Trump Draws Boos & Confusion During Chelsea’s Club Wo...
2025-07-16 17:14:33,221 - INFO - daily_scraper_all_hiphop.py:155 -  Done with section: news, Total new added: 15
2025-07-16 17:14:33,221 - INFO - daily_scraper_all_hiphop.py:127 -  Scraping rumors page: https://allhiphop.com/rumors/page/1/
2025-07-16 17:14:36,186 - INFO - daily_scraper_all_hiphop.py:153 -  Added [1/15] to rumors: Joyner Lucas Responds To Skepta’s “Friendly Fire” Diss With ...
2025-07-16 17:14:37,578 - INFO - daily_scraper_all_hiphop.py:153 -  Added [2/15] to rumors: Fat Joe Seems To Reveal Five Percent Nation Proof Of “God Cr...
2025-07-16 17:14:39,181 - INFO - daily_scraper_all_hiphop.py:153 -  Added [3/15] to rumors: Justin Bieber’s Shot At Clipse Gives Hip-Hop Pause At Pop St...
2025-07-16 17:14:39,724 - INFO - daily_scraper_all_hiphop.py:153 -  Added [4/15] to rumors: Top5 Reportedly Fighting for His Life , UK Rapper Calls Him ...
2025-07-16 17:14:42,361 - INFO - daily_scraper_all_hiphop.py:153 -  Added [5/15] to rumors: SIGNS: Black Cyclist Arrested For Shooting His White Attacke...
2025-07-16 17:14:43,261 - INFO - daily_scraper_all_hiphop.py:153 -  Added [6/15] to rumors: Drake’s Pal Stabbed In UK—But Survives Alleged Attack...
2025-07-16 17:14:44,263 - INFO - daily_scraper_all_hiphop.py:153 -  Added [7/15] to rumors: Playboi Carti Rapper Destroy Lonely Criticized After Alleged...
2025-07-16 17:14:45,889 - INFO - daily_scraper_all_hiphop.py:153 -  Added [8/15] to rumors: Pusha T Slams Kanye West Over Leaked Texts & Loyalty...
2025-07-16 17:14:46,959 - INFO - daily_scraper_all_hiphop.py:153 -  Added [9/15] to rumors: Bhad Bhabie Explodes Over Alleged Lawsuit Leak By Her Mother...
2025-07-16 17:14:48,453 - INFO - daily_scraper_all_hiphop.py:153 -  Added [10/15] to rumors: JAY-Z Could Have Been On Clipse Album “Let God Sort Em Out” ...
2025-07-16 17:14:51,684 - INFO - daily_scraper_all_hiphop.py:153 -  Added [11/15] to rumors: Gervonta ‘Tank’ Davis Allegedly Beat Baby Moms 10 Times, Fac...
2025-07-16 17:14:57,379 - INFO - daily_scraper_all_hiphop.py:153 -  Added [12/15] to rumors: Cardi B Fires Back At BBL Smell Rumors In No-Filter Rant...
2025-07-16 17:14:58,438 - INFO - daily_scraper_all_hiphop.py:153 -  Added [13/15] to rumors: Kanye West Misses Pusha T, Pusha T Doesn’t Care...
2025-07-16 17:14:59,489 - INFO - daily_scraper_all_hiphop.py:153 -  Added [14/15] to rumors: Moneybagg Yo & Ari Fletcher Set Record Straight On Breakup R...
2025-07-16 17:15:00,351 - INFO - daily_scraper_all_hiphop.py:153 -  Added [15/15] to rumors: Stefon Diggs Says Cardi B Has No “BBL Smell”...
2025-07-16 17:15:00,351 - INFO - daily_scraper_all_hiphop.py:155 -  Done with section: rumors, Total new added: 15
2025-07-16 17:15:00,351 - INFO - daily_scraper_all_hiphop.py:127 -  Scraping features page: https://allhiphop.com/features/page/1/
2025-07-16 17:15:04,780 - INFO - daily_scraper_all_hiphop.py:153 -  Added [1/15] to features: Consequence & Caiden Talk Upcoming Kanye West-Produced Singl...
2025-07-16 17:15:06,051 - INFO - daily_scraper_all_hiphop.py:153 -  Added [2/15] to features: “Squid Game” Actors Park Sung-hoon & Kang Ae-sim Talk Season...
2025-07-16 17:15:07,096 - INFO - daily_scraper_all_hiphop.py:153 -  Added [3/15] to features: Hip-Hop Gamer’s Vision: From Denzel Washington’s School To S...
2025-07-16 17:15:08,067 - INFO - daily_scraper_all_hiphop.py:153 -  Added [4/15] to features: “Superman” 2025 Offers Light & Fantastical Take On Man of St...
2025-07-16 17:15:11,579 - INFO - daily_scraper_all_hiphop.py:153 -  Added [5/15] to features: Trae Tha Truth Talks His Daughter Baby Truth, DJ Screw Legac...
2025-07-16 17:15:15,181 - INFO - daily_scraper_all_hiphop.py:153 -  Added [6/15] to features: “Squid Game” Stars Jo Yu-ri & Yim Si-wan Talk Season 3, Hip-...
2025-07-16 17:15:16,228 - INFO - daily_scraper_all_hiphop.py:153 -  Added [7/15] to features: Squid Game Season 3: Cast & Director Share BTS Details, Insi...
2025-07-16 17:15:18,028 - INFO - daily_scraper_all_hiphop.py:153 -  Added [8/15] to features: Tech N9ne’s Origin Story: Blood, Beats, and Becoming a Legen...
2025-07-16 17:15:19,753 - INFO - daily_scraper_all_hiphop.py:153 -  Added [9/15] to features: Stepbrothers For Life: Don Trip & Starlito Talk Legacy, Loya...
2025-07-16 17:15:20,626 - INFO - daily_scraper_all_hiphop.py:153 -  Added [10/15] to features: DMC, John Leguizamo, La Borinqueña & Edgardo Miranda-Rodrigu...
2025-07-16 17:15:21,498 - INFO - daily_scraper_all_hiphop.py:153 -  Added [11/15] to features: Seven Wonders Of The Hip-Hop World: Part II—7 Albums That Ch...
2025-07-16 17:15:23,162 - INFO - daily_scraper_all_hiphop.py:153 -  Added [12/15] to features: Rob49 Talks Stardom, Struggle & Staying Real As “WTHELLY” Bl...
2025-07-16 17:15:26,374 - INFO - daily_scraper_all_hiphop.py:153 -  Added [13/15] to features: Producer/Writer Rodney Barnes Talks “Boondocks,” “Sinners,” ...
2025-07-16 17:15:27,962 - INFO - daily_scraper_all_hiphop.py:153 -  Added [14/15] to features: Tom Cruise’s “Mission: Impossible – The Final Reckoning” Is ...
2025-07-16 17:15:28,311 - INFO - daily_scraper_all_hiphop.py:153 -  Added [15/15] to features: Seven Wonders Of The Hip-Hop World: Part I—7 Albums That Cha...
2025-07-16 17:15:28,311 - INFO - daily_scraper_all_hiphop.py:155 -  Done with section: features, Total new added: 15
2025-07-16 17:15:28,311 - INFO - daily_scraper_all_hiphop.py:127 -  Scraping music page: https://allhiphop.com/music/page/1/
2025-07-16 17:15:35,568 - INFO - daily_scraper_all_hiphop.py:153 -  Added [1/15] to music: Tyler Watts & Jacquees “Prettiest Girl...
2025-07-16 17:15:36,513 - INFO - daily_scraper_all_hiphop.py:153 -  Added [2/15] to music: Calvin Ross Wins Best R&B Artist of The Year Award and is “C...
2025-07-16 17:15:37,984 - INFO - daily_scraper_all_hiphop.py:153 -  Added [3/15] to music: Bun B, DMC & Marco Polo Form “Bun DMC” In Super-Cypher...
2025-07-16 17:15:44,296 - INFO - daily_scraper_all_hiphop.py:153 -  Added [4/15] to music: Drizzy Tae Unveils Highly-Anticipated New Album “NC-17”...
2025-07-16 17:15:45,767 - INFO - daily_scraper_all_hiphop.py:153 -  Added [5/15] to music: Holy Bars & War Cries: Caleb Gordon’s Tactical Gospel...
2025-07-16 17:15:47,687 - INFO - daily_scraper_all_hiphop.py:153 -  Added [6/15] to music: itsHOLY Releases “Showstoppa” Amidst ‘Winners Circle In Your...
2025-07-16 17:15:48,647 - INFO - daily_scraper_all_hiphop.py:153 -  Added [7/15] to music: N.O. & Krillz Deliver For Judgemental Records with “Heavy Is...
2025-07-16 17:15:50,571 - INFO - daily_scraper_all_hiphop.py:153 -  Added [8/15] to music: Lizzo Drops Rap Mixtape With SZA, Doja Cat & Mad Bars For Su...
2025-07-16 17:15:50,941 - INFO - daily_scraper_all_hiphop.py:153 -  Added [9/15] to music: Neecy J Drops the Summer’s Ultimate Bad B#### Anthem with “A...
2025-07-16 17:15:52,886 - INFO - daily_scraper_all_hiphop.py:153 -  Added [10/15] to music: B Mogul Breaks Through With Grit and Grace on New Single “Do...
2025-07-16 17:15:54,934 - INFO - daily_scraper_all_hiphop.py:153 -  Added [11/15] to music: Godspeed and Vontee the Singer Release Sexy New Single “Clot...
2025-07-16 17:15:55,948 - INFO - daily_scraper_all_hiphop.py:153 -  Added [12/15] to music: JID Helps Offset Go Crazy On “Bodies”...
2025-07-16 17:15:57,160 - INFO - daily_scraper_all_hiphop.py:153 -  Added [13/15] to music: Trae Tha Truth Brings Healing With Lecrae & Daughter On “Alr...
2025-07-16 17:15:57,537 - INFO - daily_scraper_all_hiphop.py:153 -  Added [14/15] to music: Wu-Tang DJ Mathematics Releases “Sinners (Mo Better Blues)” ...
2025-07-16 17:15:58,433 - INFO - daily_scraper_all_hiphop.py:153 -  Added [15/15] to music: Olly Sholotan to Release Visual for “I Go Dey Vex”...
2025-07-16 17:15:58,433 - INFO - daily_scraper_all_hiphop.py:155 -  Done with section: music, Total new added: 15
2025-07-16 17:15:58,433 - INFO - daily_scraper_all_hiphop.py:127 -  Scraping opinion page: https://allhiphop.com/opinion/page/1/
2025-07-16 17:16:00,789 - INFO - daily_scraper_all_hiphop.py:153 -  Added [1/15] to opinion: Clipse Drops First Album in 16 Years – Here’s Why It’s a Gam...
2025-07-16 17:16:01,692 - INFO - daily_scraper_all_hiphop.py:153 -  Added [2/15] to opinion: Diddy’s Trial Nears End: Here’s How AI Predicts Verdict...
2025-07-16 17:16:03,673 - INFO - daily_scraper_all_hiphop.py:153 -  Added [3/15] to opinion: Juneteenth Reflections On Unity, Trust & Pure Black Love...
2025-07-16 17:16:05,810 - INFO - daily_scraper_all_hiphop.py:153 -  Added [4/15] to opinion: Op-Ed: What Philly’s Fan Expo Taught Me About Morality, Fand...
2025-07-16 17:16:08,487 - INFO - daily_scraper_all_hiphop.py:153 -  Added [5/15] to opinion: Memorial Day Was Black-Led Celebration Of Freedom That Racis...
2025-07-16 17:16:09,529 - INFO - daily_scraper_all_hiphop.py:153 -  Added [6/15] to opinion: Remembering Sacha Jenkins: Visionary In Hip-Hop & Counter In...
2025-07-16 17:16:10,028 - INFO - daily_scraper_all_hiphop.py:153 -  Added [7/15] to opinion: Jewish Community Reacts To Kanye West’s “Apology” For Antise...
2025-07-16 17:16:10,028 - INFO - daily_scraper_all_hiphop.py:142 -  Already exists, skipping: https://allhiphop.com/features/albums-that-rewrote-rap-history-the-seven-wonders-of-the-hip-hop-world-part-i/
2025-07-16 17:16:11,083 - INFO - daily_scraper_all_hiphop.py:153 -  Added [8/15] to opinion: Malcolm X Turns 100: He’s Not Just History—He’s Hip-Hop’s Fu...
2025-07-16 17:16:12,009 - INFO - daily_scraper_all_hiphop.py:153 -  Added [9/15] to opinion: Met Gala’s Theme Was Tailoring Black Style—So Why Did The Re...
2025-07-16 17:16:12,673 - INFO - daily_scraper_all_hiphop.py:153 -  Added [10/15] to opinion: Beyoncé Just Changed Country Music’s Rules...
2025-07-16 17:16:13,554 - INFO - daily_scraper_all_hiphop.py:153 -  Added [11/15] to opinion: Does Trump Want To Pay White People $5,000 To Have Babies?...
2025-07-16 17:16:16,134 - INFO - daily_scraper_all_hiphop.py:153 -  Added [12/15] to opinion: Cory Booker, Hakeem Jeffries And Persist Network Fight For J...
2025-07-16 17:16:17,211 - INFO - daily_scraper_all_hiphop.py:153 -  Added [13/15] to opinion: Did “Daredevil: Born Again” Flop Or Are There Racists Hating...
2025-07-16 17:16:23,713 - INFO - daily_scraper_all_hiphop.py:153 -  Added [14/15] to opinion: Playboi Carti Is Confusing & Chaotic But Lowkey Brilliant...
2025-07-16 17:16:23,713 - INFO - daily_scraper_all_hiphop.py:155 -  Done with section: opinion, Total new added: 14
2025-07-16 17:16:23,714 - INFO - daily_scraper_all_hiphop.py:127 -  Scraping exclusives page: https://allhiphop.com/exclusives/page/1/
2025-07-16 17:16:26,339 - INFO - daily_scraper_all_hiphop.py:142 -  Already exists, skipping: https://allhiphop.com/features/squid-game-stars-park-sung-hoon-kang-ae-sim-talk-season-3-hip-hops-influence-more/
2025-07-16 17:16:26,339 - INFO - daily_scraper_all_hiphop.py:142 -  Already exists, skipping: https://allhiphop.com/news/roc-nation-ceo-desiree-perez-demoree-hadley-contempt-threats-cyberstalking/
2025-07-16 17:16:26,339 - INFO - daily_scraper_all_hiphop.py:142 -  Already exists, skipping: https://allhiphop.com/news/drake-outs-guy-paid-bots-kendrick-lamar/
2025-07-16 17:16:27,622 - INFO - daily_scraper_all_hiphop.py:153 -  Added [1/15] to exclusives: Consequence Reunites With Kanye West For New Music Release...
2025-07-16 17:16:30,725 - INFO - daily_scraper_all_hiphop.py:153 -  Added [2/15] to exclusives: EXCLUSIVE: Megan Thee Stallion Demands Access To Milagro Gra...
2025-07-16 17:16:30,725 - INFO - daily_scraper_all_hiphop.py:142 -  Already exists, skipping: https://allhiphop.com/opinion/clipse-drops-first-album-in-16-years-heres-why-its-a-game-changer/
2025-07-16 17:16:30,725 - INFO - daily_scraper_all_hiphop.py:142 -  Already exists, skipping: https://allhiphop.com/features/hip-hop-gamers-vision-from-denzel-washingtons-school-to-samsung-studios-to-bars-with-papoose/
2025-07-16 17:16:31,682 - INFO - daily_scraper_all_hiphop.py:153 -  Added [3/15] to exclusives: Coco Jones Gets Engaged, Zeddy Will’s Dream Is Crushed & Beg...
2025-07-16 17:16:32,395 - INFO - daily_scraper_all_hiphop.py:153 -  Added [4/15] to exclusives: EXCLUSIVE: Cardi B Fights Back Against “GreasyFry” Producers...
2025-07-16 17:16:32,874 - INFO - daily_scraper_all_hiphop.py:153 -  Added [5/15] to exclusives: EXCLUSIVE: Fat Joe Accused Of Using Former Hypeman’s Per Die...
2025-07-16 17:16:35,120 - INFO - daily_scraper_all_hiphop.py:153 -  Added [6/15] to exclusives: EXCLUSIVE: Judge Tanks T.I.’s Hope To Use “Situationships” F...
2025-07-16 17:16:35,121 - INFO - daily_scraper_all_hiphop.py:142 -  Already exists, skipping: https://allhiphop.com/features/superman-2025-offers-light-fantastical-take-on-man-of-steel/
2025-07-16 17:16:35,121 - INFO - daily_scraper_all_hiphop.py:142 -  Already exists, skipping: https://allhiphop.com/exclusives/trae-tha-truth-talks-baby-truth-new-album-dj-screw-legacy-houstons-cultural-power/
2025-07-16 17:16:36,237 - INFO - daily_scraper_all_hiphop.py:153 -  Added [7/15] to exclusives: Arrested Development Dedicates “Adult Contemporary Hip Hop” ...
2025-07-16 17:16:36,237 - INFO - daily_scraper_all_hiphop.py:142 -  Already exists, skipping: https://allhiphop.com/features/squid-game-stars-jo-yu-ri-yim-si-wan-talk-season-3-hip-hop-culture-more/
2025-07-16 17:16:36,237 - INFO - daily_scraper_all_hiphop.py:155 -  Done with section: exclusives, Total new added: 7
2025-07-16 17:16:36,240 - INFO - daily_scraper_all_hiphop.py:113 -  Appended 81 new articles to daily_news_pipeline\news_articles_data\news_articles_data.json
2025-07-16 17:16:36,240 - INFO - daily_scraper_all_hiphop.py:188 -  All scraping complete. Final total: 81 articles.
2025-07-16 17:19:25,522 - INFO - daily_scraper_all_hiphop.py:127 -  Scraping news page: https://allhiphop.com/news/page/1/
2025-07-16 17:19:27,981 - INFO - daily_scraper_all_hiphop.py:153 -  Added [1/15] to news: T.D. Jakes Claims 44,000 AI Bots Spread Diddy Lies In Digita...
2025-07-16 17:19:30,715 - INFO - daily_scraper_all_hiphop.py:153 -  Added [2/15] to news: Kendrick Lamar Scores Four Emmy Nods After Dismantling Drake...
2025-07-16 17:19:31,974 - INFO - daily_scraper_all_hiphop.py:153 -  Added [3/15] to news: EXCLUSIVE: Roc Nation Wants CEO’s Daughter Held In Contempt ...
2025-07-16 17:19:32,407 - INFO - daily_scraper_all_hiphop.py:153 -  Added [4/15] to news: Nicki Minaj Clashes With SZA Over TDE Exec Punch In Heated S...
2025-07-16 17:19:33,212 - INFO - daily_scraper_all_hiphop.py:153 -  Added [5/15] to news: Cesar Pina Pleads Not Guilty To Alleged Ponzi Scheme Involvi...
2025-07-16 17:19:34,233 - INFO - daily_scraper_all_hiphop.py:153 -  Added [6/15] to news: Fyre Festival Fetches Over $200K After Fire Sale...
2025-07-16 17:19:36,413 - INFO - daily_scraper_all_hiphop.py:153 -  Added [7/15] to news: Kim Kardashian Offers New Excuse After “Forgetting” Daughter...
2025-07-16 17:19:38,312 - INFO - daily_scraper_all_hiphop.py:153 -  Added [8/15] to news: Stevie Wonder Ends Blindness Debate With One Honest Admissio...
2025-07-16 17:19:40,646 - INFO - daily_scraper_all_hiphop.py:153 -  Added [9/15] to news: Diddy Seeks Redemption Behind Bars As Sentencing Looms...
2025-07-16 17:19:44,501 - INFO - daily_scraper_all_hiphop.py:153 -  Added [10/15] to news: Rihanna Says Her Toddler Can Freestyle...
2025-07-16 17:19:46,616 - INFO - daily_scraper_all_hiphop.py:153 -  Added [11/15] to news: Police Hunt Thief Who Stole Beyoncé’s Music...
2025-07-16 17:19:48,126 - INFO - daily_scraper_all_hiphop.py:153 -  Added [12/15] to news: Tough Guy Trey Songz Blames Media After Beating Up Photograp...
2025-07-16 17:19:49,340 - INFO - daily_scraper_all_hiphop.py:153 -  Added [13/15] to news: Kentucky Church Shooter Was An Inspiring Rapper Named H#### ...
2025-07-16 17:19:50,580 - INFO - daily_scraper_all_hiphop.py:153 -  Added [14/15] to news: EXCLUSIVE: Drake Outs Guy Who Allegedly Paid Bots To Boost “...
2025-07-16 17:19:52,315 - INFO - daily_scraper_all_hiphop.py:153 -  Added [15/15] to news: Donald Trump Draws Boos & Confusion During Chelsea’s Club Wo...
2025-07-16 17:19:52,315 - INFO - daily_scraper_all_hiphop.py:155 -  Done with section: news, Total new added: 15
2025-07-16 17:19:52,315 - INFO - daily_scraper_all_hiphop.py:127 -  Scraping rumors page: https://allhiphop.com/rumors/page/1/
2025-07-16 17:19:54,497 - INFO - daily_scraper_all_hiphop.py:153 -  Added [1/15] to rumors: Joyner Lucas Responds To Skepta’s “Friendly Fire” Diss With ...
2025-07-16 17:19:55,703 - INFO - daily_scraper_all_hiphop.py:153 -  Added [2/15] to rumors: Fat Joe Seems To Reveal Five Percent Nation Proof Of “God Cr...
2025-07-16 17:19:57,622 - INFO - daily_scraper_all_hiphop.py:153 -  Added [3/15] to rumors: Justin Bieber’s Shot At Clipse Gives Hip-Hop Pause At Pop St...
2025-07-16 17:19:58,477 - INFO - daily_scraper_all_hiphop.py:153 -  Added [4/15] to rumors: Top5 Reportedly Fighting for His Life , UK Rapper Calls Him ...
2025-07-16 17:19:58,845 - INFO - daily_scraper_all_hiphop.py:153 -  Added [5/15] to rumors: SIGNS: Black Cyclist Arrested For Shooting His White Attacke...
2025-07-16 17:20:00,834 - INFO - daily_scraper_all_hiphop.py:153 -  Added [6/15] to rumors: Drake’s Pal Stabbed In UK—But Survives Alleged Attack...
2025-07-16 17:20:04,408 - INFO - daily_scraper_all_hiphop.py:153 -  Added [7/15] to rumors: Playboi Carti Rapper Destroy Lonely Criticized After Alleged...
2025-07-16 17:20:05,382 - INFO - daily_scraper_all_hiphop.py:153 -  Added [8/15] to rumors: Pusha T Slams Kanye West Over Leaked Texts & Loyalty...
2025-07-16 17:20:10,291 - INFO - daily_scraper_all_hiphop.py:153 -  Added [9/15] to rumors: Bhad Bhabie Explodes Over Alleged Lawsuit Leak By Her Mother...
2025-07-16 17:20:12,642 - INFO - daily_scraper_all_hiphop.py:153 -  Added [10/15] to rumors: JAY-Z Could Have Been On Clipse Album “Let God Sort Em Out” ...
2025-07-16 17:20:13,658 - INFO - daily_scraper_all_hiphop.py:153 -  Added [11/15] to rumors: Gervonta ‘Tank’ Davis Allegedly Beat Baby Moms 10 Times, Fac...
2025-07-16 17:20:14,667 - INFO - daily_scraper_all_hiphop.py:153 -  Added [12/15] to rumors: Cardi B Fires Back At BBL Smell Rumors In No-Filter Rant...
2025-07-16 17:20:15,591 - INFO - daily_scraper_all_hiphop.py:153 -  Added [13/15] to rumors: Kanye West Misses Pusha T, Pusha T Doesn’t Care...
2025-07-16 17:20:16,783 - INFO - daily_scraper_all_hiphop.py:153 -  Added [14/15] to rumors: Moneybagg Yo & Ari Fletcher Set Record Straight On Breakup R...
2025-07-16 17:20:17,735 - INFO - daily_scraper_all_hiphop.py:153 -  Added [15/15] to rumors: Stefon Diggs Says Cardi B Has No “BBL Smell”...
2025-07-16 17:20:17,735 - INFO - daily_scraper_all_hiphop.py:155 -  Done with section: rumors, Total new added: 15
2025-07-16 17:20:17,736 - INFO - daily_scraper_all_hiphop.py:127 -  Scraping features page: https://allhiphop.com/features/page/1/
2025-07-16 17:20:20,708 - INFO - daily_scraper_all_hiphop.py:153 -  Added [1/15] to features: Consequence & Caiden Talk Upcoming Kanye West-Produced Singl...
2025-07-16 17:20:21,417 - INFO - daily_scraper_all_hiphop.py:153 -  Added [2/15] to features: “Squid Game” Actors Park Sung-hoon & Kang Ae-sim Talk Season...
2025-07-16 17:20:22,214 - INFO - daily_scraper_all_hiphop.py:153 -  Added [3/15] to features: Hip-Hop Gamer’s Vision: From Denzel Washington’s School To S...
2025-07-16 17:20:22,607 - INFO - daily_scraper_all_hiphop.py:153 -  Added [4/15] to features: “Superman” 2025 Offers Light & Fantastical Take On Man of St...
2025-07-16 17:20:23,619 - INFO - daily_scraper_all_hiphop.py:153 -  Added [5/15] to features: Trae Tha Truth Talks His Daughter Baby Truth, DJ Screw Legac...
2025-07-16 17:20:25,978 - INFO - daily_scraper_all_hiphop.py:153 -  Added [6/15] to features: “Squid Game” Stars Jo Yu-ri & Yim Si-wan Talk Season 3, Hip-...
2025-07-16 17:20:26,311 - INFO - daily_scraper_all_hiphop.py:153 -  Added [7/15] to features: Squid Game Season 3: Cast & Director Share BTS Details, Insi...
2025-07-16 17:20:27,604 - INFO - daily_scraper_all_hiphop.py:153 -  Added [8/15] to features: Tech N9ne’s Origin Story: Blood, Beats, and Becoming a Legen...
2025-07-16 17:20:28,322 - INFO - daily_scraper_all_hiphop.py:153 -  Added [9/15] to features: Stepbrothers For Life: Don Trip & Starlito Talk Legacy, Loya...
2025-07-16 17:20:33,565 - INFO - daily_scraper_all_hiphop.py:153 -  Added [10/15] to features: DMC, John Leguizamo, La Borinqueña & Edgardo Miranda-Rodrigu...
2025-07-16 17:20:34,723 - INFO - daily_scraper_all_hiphop.py:153 -  Added [11/15] to features: Seven Wonders Of The Hip-Hop World: Part II—7 Albums That Ch...
2025-07-16 17:20:35,653 - INFO - daily_scraper_all_hiphop.py:153 -  Added [12/15] to features: Rob49 Talks Stardom, Struggle & Staying Real As “WTHELLY” Bl...
2025-07-16 17:20:36,673 - INFO - daily_scraper_all_hiphop.py:153 -  Added [13/15] to features: Producer/Writer Rodney Barnes Talks “Boondocks,” “Sinners,” ...
2025-07-16 17:20:38,383 - INFO - daily_scraper_all_hiphop.py:153 -  Added [14/15] to features: Tom Cruise’s “Mission: Impossible – The Final Reckoning” Is ...
2025-07-16 17:20:39,481 - INFO - daily_scraper_all_hiphop.py:153 -  Added [15/15] to features: Seven Wonders Of The Hip-Hop World: Part I—7 Albums That Cha...
2025-07-16 17:20:39,481 - INFO - daily_scraper_all_hiphop.py:155 -  Done with section: features, Total new added: 15
2025-07-16 17:20:39,481 - INFO - daily_scraper_all_hiphop.py:127 -  Scraping music page: https://allhiphop.com/music/page/1/
2025-07-16 17:20:45,257 - INFO - daily_scraper_all_hiphop.py:153 -  Added [1/15] to music: Tyler Watts & Jacquees “Prettiest Girl...
2025-07-16 17:20:45,612 - INFO - daily_scraper_all_hiphop.py:153 -  Added [2/15] to music: Calvin Ross Wins Best R&B Artist of The Year Award and is “C...
2025-07-16 17:20:47,144 - INFO - daily_scraper_all_hiphop.py:153 -  Added [3/15] to music: Bun B, DMC & Marco Polo Form “Bun DMC” In Super-Cypher...
2025-07-16 17:20:49,120 - INFO - daily_scraper_all_hiphop.py:153 -  Added [4/15] to music: Drizzy Tae Unveils Highly-Anticipated New Album “NC-17”...
2025-07-16 17:20:50,198 - INFO - daily_scraper_all_hiphop.py:153 -  Added [5/15] to music: Holy Bars & War Cries: Caleb Gordon’s Tactical Gospel...
2025-07-16 17:20:50,733 - INFO - daily_scraper_all_hiphop.py:153 -  Added [6/15] to music: itsHOLY Releases “Showstoppa” Amidst ‘Winners Circle In Your...
2025-07-16 17:20:51,587 - INFO - daily_scraper_all_hiphop.py:153 -  Added [7/15] to music: N.O. & Krillz Deliver For Judgemental Records with “Heavy Is...
2025-07-16 17:20:52,610 - INFO - daily_scraper_all_hiphop.py:153 -  Added [8/15] to music: Lizzo Drops Rap Mixtape With SZA, Doja Cat & Mad Bars For Su...
2025-07-16 17:20:53,009 - INFO - daily_scraper_all_hiphop.py:153 -  Added [9/15] to music: Neecy J Drops the Summer’s Ultimate Bad B#### Anthem with “A...
2025-07-16 17:20:55,395 - INFO - daily_scraper_all_hiphop.py:153 -  Added [10/15] to music: B Mogul Breaks Through With Grit and Grace on New Single “Do...
2025-07-16 17:20:57,519 - INFO - daily_scraper_all_hiphop.py:153 -  Added [11/15] to music: Godspeed and Vontee the Singer Release Sexy New Single “Clot...
2025-07-16 17:20:58,581 - INFO - daily_scraper_all_hiphop.py:153 -  Added [12/15] to music: JID Helps Offset Go Crazy On “Bodies”...
2025-07-16 17:20:59,554 - INFO - daily_scraper_all_hiphop.py:153 -  Added [13/15] to music: Trae Tha Truth Brings Healing With Lecrae & Daughter On “Alr...
2025-07-16 17:21:00,957 - INFO - daily_scraper_all_hiphop.py:153 -  Added [14/15] to music: Wu-Tang DJ Mathematics Releases “Sinners (Mo Better Blues)” ...
2025-07-16 17:21:01,611 - INFO - daily_scraper_all_hiphop.py:153 -  Added [15/15] to music: Olly Sholotan to Release Visual for “I Go Dey Vex”...
2025-07-16 17:21:01,611 - INFO - daily_scraper_all_hiphop.py:155 -  Done with section: music, Total new added: 15
2025-07-16 17:21:01,611 - INFO - daily_scraper_all_hiphop.py:127 -  Scraping opinion page: https://allhiphop.com/opinion/page/1/
2025-07-16 17:21:03,690 - INFO - daily_scraper_all_hiphop.py:153 -  Added [1/15] to opinion: Clipse Drops First Album in 16 Years – Here’s Why It’s a Gam...
2025-07-16 17:21:04,572 - INFO - daily_scraper_all_hiphop.py:153 -  Added [2/15] to opinion: Diddy’s Trial Nears End: Here’s How AI Predicts Verdict...
2025-07-16 17:21:04,949 - INFO - daily_scraper_all_hiphop.py:153 -  Added [3/15] to opinion: Juneteenth Reflections On Unity, Trust & Pure Black Love...
2025-07-16 17:21:07,768 - INFO - daily_scraper_all_hiphop.py:153 -  Added [4/15] to opinion: Op-Ed: What Philly’s Fan Expo Taught Me About Morality, Fand...
2025-07-16 17:21:09,840 - INFO - daily_scraper_all_hiphop.py:153 -  Added [5/15] to opinion: Memorial Day Was Black-Led Celebration Of Freedom That Racis...
2025-07-16 17:21:10,804 - INFO - daily_scraper_all_hiphop.py:153 -  Added [6/15] to opinion: Remembering Sacha Jenkins: Visionary In Hip-Hop & Counter In...
2025-07-16 17:21:12,126 - INFO - daily_scraper_all_hiphop.py:153 -  Added [7/15] to opinion: Jewish Community Reacts To Kanye West’s “Apology” For Antise...
2025-07-16 17:21:12,126 - INFO - daily_scraper_all_hiphop.py:142 -  Already exists, skipping: https://allhiphop.com/features/albums-that-rewrote-rap-history-the-seven-wonders-of-the-hip-hop-world-part-i/
2025-07-16 17:21:12,534 - INFO - daily_scraper_all_hiphop.py:153 -  Added [8/15] to opinion: Malcolm X Turns 100: He’s Not Just History—He’s Hip-Hop’s Fu...
2025-07-16 17:21:13,307 - INFO - daily_scraper_all_hiphop.py:153 -  Added [9/15] to opinion: Met Gala’s Theme Was Tailoring Black Style—So Why Did The Re...
2025-07-16 17:21:14,493 - INFO - daily_scraper_all_hiphop.py:153 -  Added [10/15] to opinion: Beyoncé Just Changed Country Music’s Rules...
2025-07-16 17:21:15,788 - INFO - daily_scraper_all_hiphop.py:153 -  Added [11/15] to opinion: Does Trump Want To Pay White People $5,000 To Have Babies?...
2025-07-16 17:21:17,157 - INFO - daily_scraper_all_hiphop.py:153 -  Added [12/15] to opinion: Cory Booker, Hakeem Jeffries And Persist Network Fight For J...
2025-07-16 17:21:17,524 - INFO - daily_scraper_all_hiphop.py:153 -  Added [13/15] to opinion: Did “Daredevil: Born Again” Flop Or Are There Racists Hating...
2025-07-16 17:21:19,114 - INFO - daily_scraper_all_hiphop.py:153 -  Added [14/15] to opinion: Playboi Carti Is Confusing & Chaotic But Lowkey Brilliant...
2025-07-16 17:21:19,114 - INFO - daily_scraper_all_hiphop.py:155 -  Done with section: opinion, Total new added: 14
2025-07-16 17:21:19,114 - INFO - daily_scraper_all_hiphop.py:127 -  Scraping exclusives page: https://allhiphop.com/exclusives/page/1/
2025-07-16 17:21:20,514 - INFO - daily_scraper_all_hiphop.py:142 -  Already exists, skipping: https://allhiphop.com/features/squid-game-stars-park-sung-hoon-kang-ae-sim-talk-season-3-hip-hops-influence-more/
2025-07-16 17:21:20,514 - INFO - daily_scraper_all_hiphop.py:142 -  Already exists, skipping: https://allhiphop.com/news/roc-nation-ceo-desiree-perez-demoree-hadley-contempt-threats-cyberstalking/
2025-07-16 17:21:20,514 - INFO - daily_scraper_all_hiphop.py:142 -  Already exists, skipping: https://allhiphop.com/news/drake-outs-guy-paid-bots-kendrick-lamar/
2025-07-16 17:21:20,868 - INFO - daily_scraper_all_hiphop.py:153 -  Added [1/15] to exclusives: Consequence Reunites With Kanye West For New Music Release...
2025-07-16 17:21:22,820 - INFO - daily_scraper_all_hiphop.py:153 -  Added [2/15] to exclusives: EXCLUSIVE: Megan Thee Stallion Demands Access To Milagro Gra...
2025-07-16 17:21:22,820 - INFO - daily_scraper_all_hiphop.py:142 -  Already exists, skipping: https://allhiphop.com/opinion/clipse-drops-first-album-in-16-years-heres-why-its-a-game-changer/
2025-07-16 17:21:22,820 - INFO - daily_scraper_all_hiphop.py:142 -  Already exists, skipping: https://allhiphop.com/features/hip-hop-gamers-vision-from-denzel-washingtons-school-to-samsung-studios-to-bars-with-papoose/
2025-07-16 17:21:24,192 - INFO - daily_scraper_all_hiphop.py:153 -  Added [3/15] to exclusives: Coco Jones Gets Engaged, Zeddy Will’s Dream Is Crushed & Beg...
2025-07-16 17:21:24,938 - INFO - daily_scraper_all_hiphop.py:153 -  Added [4/15] to exclusives: EXCLUSIVE: Cardi B Fights Back Against “GreasyFry” Producers...
2025-07-16 17:21:26,034 - INFO - daily_scraper_all_hiphop.py:153 -  Added [5/15] to exclusives: EXCLUSIVE: Fat Joe Accused Of Using Former Hypeman’s Per Die...
2025-07-16 17:21:27,133 - INFO - daily_scraper_all_hiphop.py:153 -  Added [6/15] to exclusives: EXCLUSIVE: Judge Tanks T.I.’s Hope To Use “Situationships” F...
2025-07-16 17:21:27,133 - INFO - daily_scraper_all_hiphop.py:142 -  Already exists, skipping: https://allhiphop.com/features/superman-2025-offers-light-fantastical-take-on-man-of-steel/
2025-07-16 17:21:27,133 - INFO - daily_scraper_all_hiphop.py:142 -  Already exists, skipping: https://allhiphop.com/exclusives/trae-tha-truth-talks-baby-truth-new-album-dj-screw-legacy-houstons-cultural-power/
2025-07-16 17:21:30,237 - INFO - daily_scraper_all_hiphop.py:153 -  Added [7/15] to exclusives: Arrested Development Dedicates “Adult Contemporary Hip Hop” ...
2025-07-16 17:21:30,237 - INFO - daily_scraper_all_hiphop.py:142 -  Already exists, skipping: https://allhiphop.com/features/squid-game-stars-jo-yu-ri-yim-si-wan-talk-season-3-hip-hop-culture-more/
2025-07-16 17:21:30,237 - INFO - daily_scraper_all_hiphop.py:155 -  Done with section: exclusives, Total new added: 7
2025-07-16 17:21:30,239 - INFO - daily_scraper_all_hiphop.py:113 -  Appended 81 new articles to news_articles_data\news_articles_data.json
2025-07-16 17:21:30,240 - INFO - daily_scraper_all_hiphop.py:188 -  All scraping complete. Final total: 81 articles.
2025-07-16 17:22:32,671 - INFO - Scraping page 1: https://hiphopsince1987.com/
2025-07-16 17:22:50,409 - INFO - Scraping page 2: https://hiphopsince1987.com/page/2/
2025-07-16 17:23:07,737 - INFO - Scraping page 3: https://hiphopsince1987.com/page/3/
2025-07-16 17:23:24,990 - INFO - 24 new unique articles saved. Total: 105
2025-07-16 17:23:24,990 - INFO - Scraping completed. Total new articles scraped: 24
2025-07-16 17:31:54,241 - INFO - Starting scraper...
2025-07-16 17:31:54,810 - INFO - Scraping article: https://www.hotnewhiphop.com/928884-sexyy-red-shuts-down-justin-bieber-rumors-studio-hip-hop-news
2025-07-16 17:31:56,318 - INFO - Scraping article: https://www.hotnewhiphop.com/928097-nike-air-force-1-collabs-ranked-sneaker-news
2025-07-16 17:31:57,902 - INFO - Scraping article: https://www.hotnewhiphop.com/928776-nba-youngboys-mother-seemingly-slams-malu-trevejo-gossip-news
2025-07-16 17:31:59,428 - INFO - Scraping article: https://www.hotnewhiphop.com/928780-clipse-busta-rhymes-gelo-perform-2025-espy-awards-hip-hop-news
2025-07-16 17:32:00,949 - INFO - Scraping article: https://www.hotnewhiphop.com/925571-joe-tacopina-blasts-prosecutors-diddy-not-guilty-verdict-crime-news
2025-07-16 17:32:02,500 - INFO - Scraping article: https://www.hotnewhiphop.com/929024-karlissa-saffold-video-call-blueface-gossip-news
2025-07-16 17:32:04,077 - INFO - Scraping article: https://www.hotnewhiphop.com/929163-jess-hilarious-unleashes-adin-ross-critique-of-n3on-interview-pop-culture-news
2025-07-16 17:32:05,636 - INFO - Scraping article: https://www.hotnewhiphop.com/926144-diddy-sentencing-tentative-date-mixed-verdict-hip-hop-news
2025-07-16 17:32:07,166 - INFO - Scraping article: https://www.hotnewhiphop.com/928913-azealia-banks-conor-mcgregor-alleged-nudes-gossip-news
2025-07-16 17:32:08,735 - INFO - Scraping article: https://www.hotnewhiphop.com/929126-conor-mcgregor-ignores-azealia-banks-nude-scandal-celebrates-birthday-gossip-news
2025-07-16 17:32:10,270 - INFO - Scraping article: https://www.hotnewhiphop.com/929324-travis-scott-jackboys-2-first-week-projections-hip-hop-news
2025-07-16 17:32:11,791 - INFO - Scraping article: https://www.hotnewhiphop.com/929370-nicki-minaj-sza-trade-shots-over-tde-punch-hip-hop-news
2025-07-16 17:32:13,334 - INFO - Scraping article: https://www.hotnewhiphop.com/929127-diddy-therapy-drug-programs-sentencing-hip-hop-news
2025-07-16 17:32:14,898 - INFO - Scraping article: https://www.hotnewhiphop.com/928412-pusha-t-reviews-new-drake-single-hip-hop-news
2025-07-16 17:32:16,466 - INFO - Scraping article: https://www.hotnewhiphop.com/929143-joyner-lucas-fires-back-skepta-new-diss-track-nobody-cares-hip-hop-news
2025-07-16 17:32:17,945 - INFO - Scraping article: https://www.hotnewhiphop.com/928620-air-jordan-5-og-white-metallic-sneaker-news
2025-07-16 17:32:19,511 - INFO - Scraping article: https://www.hotnewhiphop.com/928012-dl-hughley-slams-public-celebration-didy-verdict-charged-hip-hop-news
2025-07-16 17:32:21,043 - INFO - Scraping article: https://www.hotnewhiphop.com/929304-metro-boomin-a-futuristic-summa-release-date-hip-hop-news
2025-07-16 17:32:22,564 - INFO - Scraping article: https://www.hotnewhiphop.com/929286-pusha-t-responds-criticism-about-topical-focus-hip-hop-news
2025-07-16 17:32:24,103 - INFO - Scraping article: https://www.hotnewhiphop.com/929088-slim-thug-reacts-to-megan-dating-klay-hip-hop-news
2025-07-16 17:32:25,665 - INFO - Scraping article: https://www.hotnewhiphop.com/928530-air-jordan-3-og-worlds-best-dad-sneaker-news
2025-07-16 17:32:27,197 - INFO - Scraping article: https://www.hotnewhiphop.com/928624-air-jordan-3-og-bin-23-sneaker-news
2025-07-16 17:32:28,721 - INFO - Scraping article: https://www.hotnewhiphop.com/929307-clipse-sales-projections-let-god-sort-em-out-hip-hop-news
2025-07-16 17:32:30,220 - INFO - Scraping article: https://www.hotnewhiphop.com/929300-shaquille-oneal-threatens-punch-robert-griffin-iii-angel-reese-sports-news
2025-07-16 17:32:31,752 - INFO - Scraping article: https://www.hotnewhiphop.com/929322-travis-scott-fans-new-music-video-jackboys-2-kick-out-hip-hop-news
2025-07-16 17:32:33,321 - INFO - Scraping article: https://www.hotnewhiphop.com/929258-megan-thee-stallion-klay-thompson-new-york-city-relationship-news
2025-07-16 17:32:34,886 - INFO - Scraping article: https://www.hotnewhiphop.com/929084-lloyd-banks-breaking-day-freestyle-stream
2025-07-16 17:32:36,417 - INFO - Scraping article: https://www.hotnewhiphop.com/929283-50-cent-trolls-diddy-therapy-drug-abuse-programs-hip-hop-news
2025-07-16 17:32:37,978 - INFO - Scraping article: https://www.hotnewhiphop.com/929224-kendrick-lamar-jay-z-beyonce-emmys-hip-hop-news
2025-07-16 17:32:39,518 - INFO - Scraping article: https://www.hotnewhiphop.com/926396-oj-simpson-praise-diddy-defense-strategy-crime-news
2025-07-16 17:32:41,052 - INFO - Scraping article: https://www.hotnewhiphop.com/925578-diddy-denied-bail-after-verdict-hip-hop-news
2025-07-16 17:32:42,582 - INFO - Scraping article: https://www.hotnewhiphop.com/929346-nicki-minaj-scorched-earth-tde-punch-hip-hop-news
2025-07-16 17:32:44,138 - INFO - Scraping article: https://www.hotnewhiphop.com/929137-tyler-the-creator-chromakopia-tour-msg-hip-hop-news
2025-07-16 17:32:45,730 - INFO - Scraping article: https://www.hotnewhiphop.com/928416-drake-lebron-james-tattoo-shai-gilgeous-alexander-hip-hop-news
2025-07-16 17:32:47,282 - INFO - Scraping article: https://www.hotnewhiphop.com/928237-chrisean-rock-swatted-streaming-dentist-hip-hop-news
2025-07-16 17:32:48,846 - INFO - Scraping article: https://www.hotnewhiphop.com/929202-mello-buckzz-heartfelt-statement-shooting-killed-boyfriend-hip-hop-news
2025-07-16 17:32:50,407 - INFO - Scraping article: https://www.hotnewhiphop.com/929196-beyonce-choreographer-911-call-music-news
2025-07-16 17:32:51,923 - INFO - Scraping article: https://www.hotnewhiphop.com/929176-air-jordan-15-23re-black-muslin-sneaker-news
2025-07-16 17:32:53,457 - INFO - Scraping article: https://www.hotnewhiphop.com/926399-diddy-lawyer-saved-man-life-courtroom-bond-hip-hop-news
2025-07-16 17:32:54,998 - INFO - Scraping article: https://www.hotnewhiphop.com/928198-gervonta-davis-arrested-alleged-domestic-violence-sports-news
2025-07-16 17:32:56,447 - INFO - Scraping article: https://www.hotnewhiphop.com/929257-rihanna-explains-how-father-influenced-parenting-hip-hop-news
2025-07-16 17:32:57,852 - INFO - Total articles scraped: 40
2025-07-16 17:32:57,869 - INFO - 40 new unique articles added. Total: 180
2025-07-16 17:32:57,869 - INFO - Scraping completed and data saved.
2025-07-16 17:34:40,236 - INFO - daily_scraper_okay_player.py:151 -  Starting OkayPlayer Scraper...
2025-07-16 17:34:40,239 - INFO - daily_scraper_okay_player.py:58 -  Loaded 180 existing URLs from news_articles_data\news_articles_data.json
2025-07-16 17:34:40,818 - INFO - daily_scraper_okay_player.py:134 -  Added [1/15]: https://www.okayplayer.com/beyonce-music-stolen
2025-07-16 17:34:41,956 - INFO - daily_scraper_okay_player.py:134 -  Added [2/15]: https://www.okayplayer.com/drake-london-rappers
2025-07-16 17:34:43,100 - INFO - daily_scraper_okay_player.py:134 -  Added [3/15]: https://www.okayplayer.com/jay-z-paternity-test-lawsuit
2025-07-16 17:34:44,226 - INFO - daily_scraper_okay_player.py:134 -  Added [4/15]: https://www.okayplayer.com/katt-williams-kendrick-lamar-drake-toronto-performance
2025-07-16 17:34:45,320 - INFO - daily_scraper_okay_player.py:134 -  Added [5/15]: https://www.okayplayer.com/clipse-tiny-desk
2025-07-16 17:34:46,406 - INFO - daily_scraper_okay_player.py:134 -  Added [6/15]: https://www.okayplayer.com/kendrick-lamar-temple-course
2025-07-16 17:34:47,423 - INFO - daily_scraper_okay_player.py:73 -  Appended 6 articles to news_articles_data\news_articles_data.json
2025-07-16 17:34:47,424 - INFO - daily_scraper_okay_player.py:153 - Scraping section pages...
2025-07-16 17:34:47,424 - INFO - daily_scraper_okay_player.py:161 - Scraping section: https://www.okayplayer.com/music
2025-07-16 17:34:47,460 - INFO - daily_scraper_okay_player.py:58 -  Loaded 186 existing URLs from news_articles_data\news_articles_data.json
2025-07-16 17:34:47,704 - INFO - daily_scraper_okay_player.py:134 -  Added [1/15]: https://www.okayplayer.com/skepta-joyner-lucas-diss
2025-07-16 17:34:48,822 - INFO - daily_scraper_okay_player.py:134 -  Added [2/15]: https://www.okayplayer.com/clipse-let-god-sort-em-out
2025-07-16 17:34:49,959 - INFO - daily_scraper_okay_player.py:134 -  Added [3/15]: https://www.okayplayer.com/umg-ai-strategy
2025-07-16 17:34:51,073 - INFO - daily_scraper_okay_player.py:134 -  Added [4/15]: https://www.okayplayer.com/joyner-lucas-skepta-battle
2025-07-16 17:34:52,181 - INFO - daily_scraper_okay_player.py:134 -  Added [5/15]: https://www.okayplayer.com/syd-die-for-this
2025-07-16 17:34:53,325 - INFO - daily_scraper_okay_player.py:134 -  Added [6/15]: https://www.okayplayer.com/lauryn-hill-essence-fest-2025
2025-07-16 17:34:54,338 - INFO - daily_scraper_okay_player.py:73 -  Appended 6 articles to news_articles_data\news_articles_data.json
2025-07-16 17:34:54,339 - INFO - daily_scraper_okay_player.py:161 - Scraping section: https://www.okayplayer.com/originals
2025-07-16 17:34:54,372 - INFO - daily_scraper_okay_player.py:58 -  Loaded 192 existing URLs from news_articles_data\news_articles_data.json
2025-07-16 17:34:54,613 - INFO - daily_scraper_okay_player.py:134 -  Added [1/15]: https://www.okayplayer.com/ironheart-director-interview
2025-07-16 17:34:55,731 - INFO - daily_scraper_okay_player.py:134 -  Added [2/15]: https://www.okayplayer.com/the-12-best-moments-from-the-2025-rock-the-bells-festival
2025-07-16 17:34:56,826 - INFO - daily_scraper_okay_player.py:134 -  Added [3/15]: https://www.okayplayer.com/the-weeknd-after-hours
2025-07-16 17:34:57,932 - INFO - daily_scraper_okay_player.py:134 -  Added [4/15]: https://www.okayplayer.com/loaded-lux-joey-badass-my-town
2025-07-16 17:34:59,026 - INFO - daily_scraper_okay_player.py:134 -  Added [5/15]: https://www.okayplayer.com/history-of-bad-record-deals
2025-07-16 17:35:00,117 - INFO - daily_scraper_okay_player.py:134 -  Added [6/15]: https://www.okayplayer.com/sza-passes-adele-on-billboard
2025-07-16 17:35:01,134 - INFO - daily_scraper_okay_player.py:73 -  Appended 6 articles to news_articles_data\news_articles_data.json
2025-07-16 17:35:01,135 - INFO - daily_scraper_okay_player.py:161 - Scraping section: https://www.okayplayer.com/culture
2025-07-16 17:35:01,153 - INFO - daily_scraper_okay_player.py:58 -  Loaded 198 existing URLs from news_articles_data\news_articles_data.json
2025-07-16 17:35:01,323 - INFO - daily_scraper_okay_player.py:134 -  Added [1/15]: https://www.okayplayer.com/love-island-cast-theme-songs
2025-07-16 17:35:02,405 - INFO - daily_scraper_okay_player.py:134 -  Added [2/15]: https://www.okayplayer.com/black-men-share-what-they-do-for-overwhelm
2025-07-16 17:35:03,488 - INFO - daily_scraper_okay_player.py:134 -  Added [3/15]: https://www.okayplayer.com/10-soulquarians-tracks-playlist
2025-07-16 17:35:04,602 - INFO - daily_scraper_okay_player.py:134 -  Added [4/15]: https://www.okayplayer.com/cynthia-erivo-movie-michael-bay
2025-07-16 17:35:05,688 - INFO - daily_scraper_okay_player.py:134 -  Added [5/15]: https://www.okayplayer.com/50-cent-street-fighter
2025-07-16 17:35:06,825 - INFO - daily_scraper_okay_player.py:134 -  Added [6/15]: https://www.okayplayer.com/black-music-and-gaming
2025-07-16 17:35:07,844 - INFO - daily_scraper_okay_player.py:73 -  Appended 6 articles to news_articles_data\news_articles_data.json
2025-07-16 17:35:07,845 - INFO - daily_scraper_okay_player.py:161 - Scraping section: https://www.okayplayer.com/cities
2025-07-16 17:35:07,856 - INFO - daily_scraper_okay_player.py:58 -  Loaded 204 existing URLs from news_articles_data\news_articles_data.json
2025-07-16 17:35:08,059 - INFO - daily_scraper_okay_player.py:134 -  Added [1/15]: https://www.okayplayer.com/studio-dem-carribean-culture-williamsburg
2025-07-16 17:35:09,152 - INFO - daily_scraper_okay_player.py:134 -  Added [2/15]: https://www.okayplayer.com/free-new-york-social-activities
2025-07-16 17:35:10,251 - INFO - daily_scraper_okay_player.py:134 -  Added [3/15]: https://www.okayplayer.com/cities/new-york/nyc-events-to-do-this-weekend.html
2025-07-16 17:35:11,344 - INFO - daily_scraper_okay_player.py:134 -  Added [4/15]: https://www.okayplayer.com/how-to-be-outside-inside-bub-styles
2025-07-16 17:35:12,504 - INFO - daily_scraper_okay_player.py:134 -  Added [5/15]: https://www.okayplayer.com/outside-inside-miabelle
2025-07-16 17:35:13,606 - INFO - daily_scraper_okay_player.py:134 -  Added [6/15]: https://www.okayplayer.com/spearhead-spirits-afrobeats-night
2025-07-16 17:35:14,631 - INFO - daily_scraper_okay_player.py:73 -  Appended 6 articles to news_articles_data\news_articles_data.json
2025-07-16 17:35:14,632 - INFO - daily_scraper_okay_player.py:163 - Scraping finished successfully.
2025-07-16 17:40:33,243 - INFO - Added article: Clipse Release The Video For Their Kendrick Lamar-featured “Chains & Whips”
2025-07-16 17:40:35,303 - INFO - Added article: 2 Chainz Is Balling On “I Wanna Win”
2025-07-16 17:40:37,579 - INFO - Added article: Travis Scott, Don Toliver & Sheck Wes Bring Their “2000 Excursion” For Their Jackboys 2 Single
2025-07-16 17:40:39,853 - INFO - Added article: Drake Questions Loyalty On “What Did I Miss”
2025-07-16 17:40:41,713 - INFO - Added article: Jadakiss Targets His Rivals With “M80”
2025-07-16 17:40:44,227 - INFO - Added article: A$AP Rocky’s Back With “pray4dagang”
2025-07-16 17:40:46,159 - INFO - Added article: Chance The Rapper Lights Up With Lil Wayne & Smino With “Trees”
2025-07-16 17:40:48,281 - INFO - Added article: Diddy RICO Trial Verdict Is In
2025-07-16 17:40:49,986 - INFO - Added article: JID Releases His 32 Freestyle
2025-07-16 17:40:51,691 - INFO - Added article: Gunna “Won’t Stop” In His New Video
2025-07-16 17:40:52,707 - INFO - Saved 220 total articles to: news_articles_data\news_articles_data.json
2025-07-16 17:40:52,708 - INFO - Scraping completed.
2025-07-17 15:23:03,076 - INFO - Starting scraper...
2025-07-17 15:23:03,655 - INFO - Scraping article: https://www.hotnewhiphop.com/929608-max-b-ready-to-squash-jim-jones-beef-hip-hop-news
2025-07-17 15:23:05,174 - INFO - Scraping article: https://www.hotnewhiphop.com/929176-air-jordan-15-23re-black-muslin-sneaker-news
2025-07-17 15:23:06,726 - INFO - Scraping article: https://www.hotnewhiphop.com/929701-skai-jackson-father-of-child-arrested-kentucky-pop-culture-news
2025-07-17 15:23:08,569 - INFO - Scraping article: https://www.hotnewhiphop.com/929300-shaquille-oneal-threatens-punch-robert-griffin-iii-angel-reese-sports-news
2025-07-17 15:23:10,311 - INFO - Scraping article: https://www.hotnewhiphop.com/928780-clipse-busta-rhymes-gelo-perform-2025-espy-awards-hip-hop-news
2025-07-17 15:23:12,035 - INFO - Scraping article: https://www.hotnewhiphop.com/929675-freddie-gibbs-the-alchemist-alfredo-2-release-date-report-hip-hop-news
2025-07-17 15:23:13,686 - INFO - Scraping article: https://www.hotnewhiphop.com/929137-tyler-the-creator-chromakopia-tour-msg-hip-hop-news
2025-07-17 15:23:15,799 - INFO - Scraping article: https://www.hotnewhiphop.com/929413-roc-nation-desiree-perez-daughter-contempt-hip-hop-news
2025-07-17 15:23:17,499 - INFO - Scraping article: https://www.hotnewhiphop.com/926144-diddy-sentencing-tentative-date-mixed-verdict-hip-hop-news
2025-07-17 15:23:19,118 - INFO - Scraping article: https://www.hotnewhiphop.com/928913-azealia-banks-conor-mcgregor-alleged-nudes-gossip-news
2025-07-17 15:23:20,813 - INFO - Scraping article: https://www.hotnewhiphop.com/929126-conor-mcgregor-ignores-azealia-banks-nude-scandal-celebrates-birthday-gossip-news
2025-07-17 15:23:22,365 - INFO - Scraping article: https://www.hotnewhiphop.com/929644-nicki-minaj-exposes-sza-resurfaced-tweets-beyonce-rihanna-hip-hop-news
2025-07-17 15:23:24,105 - INFO - Scraping article: https://www.hotnewhiphop.com/929680-juice-wrld-mansion-double-murder-case-hip-hop-news
2025-07-17 15:23:25,996 - INFO - Scraping article: https://www.hotnewhiphop.com/929534-billy-mcfarland-sells-fyre-fest-brand-music-news
2025-07-17 15:23:27,748 - INFO - Scraping article: https://www.hotnewhiphop.com/929430-air-jordan-4-toro-bravo-sneaker-news-3
2025-07-17 15:23:29,585 - INFO - Scraping article: https://www.hotnewhiphop.com/929024-karlissa-saffold-video-call-blueface-gossip-news
2025-07-17 15:23:31,473 - INFO - Scraping article: https://www.hotnewhiphop.com/929698-sexyy-red-latto-yeat-london-residency-hip-hop-news
2025-07-17 15:23:33,080 - INFO - Scraping article: https://www.hotnewhiphop.com/928624-air-jordan-3-og-bin-23-sneaker-news
2025-07-17 15:23:34,786 - INFO - Scraping article: https://www.hotnewhiphop.com/929084-lloyd-banks-breaking-day-freestyle-stream
2025-07-17 15:23:36,405 - INFO - Scraping article: https://www.hotnewhiphop.com/929531-barack-michelle-obama-divorce-rumors-response-pop-culture-news
2025-07-17 15:23:38,191 - INFO - Scraping article: https://www.hotnewhiphop.com/928416-drake-lebron-james-tattoo-shai-gilgeous-alexander-hip-hop-news
2025-07-17 15:23:39,961 - INFO - Scraping article: https://www.hotnewhiphop.com/929699-troy-ave-reportedly-faked-robbery-hip-hop-news
2025-07-17 15:23:41,785 - INFO - Scraping article: https://www.hotnewhiphop.com/929586-beyonce-fans-injured-stampede-music-news
2025-07-17 15:23:43,608 - INFO - Scraping article: https://www.hotnewhiphop.com/929566-cesar-pina-pleads-not-guilty-bribery-money-laundering-scheme-hip-hop-news
2025-07-17 15:23:45,574 - INFO - Scraping article: https://www.hotnewhiphop.com/926396-oj-simpson-praise-diddy-defense-strategy-crime-news
2025-07-17 15:23:47,302 - INFO - Scraping article: https://www.hotnewhiphop.com/925578-diddy-denied-bail-after-verdict-hip-hop-news
2025-07-17 15:23:48,968 - INFO - Scraping article: https://www.hotnewhiphop.com/929622-sza-calls-out-ai-for-killing-polluting-black-brown-cities
2025-07-17 15:23:50,807 - INFO - Scraping article: https://www.hotnewhiphop.com/929270-nicki-minaj-megan-thee-stallion-beef-timeline
2025-07-17 15:23:52,380 - INFO - Scraping article: https://www.hotnewhiphop.com/928198-gervonta-davis-arrested-alleged-domestic-violence-sports-news
2025-07-17 15:23:53,944 - INFO - Scraping article: https://www.hotnewhiphop.com/928884-sexyy-red-shuts-down-justin-bieber-rumors-studio-hip-hop-news
2025-07-17 15:23:55,879 - INFO - Scraping article: https://www.hotnewhiphop.com/929495-tde-mackwop-warns-nicki-minaj-hip-hop-news
2025-07-17 15:23:57,745 - INFO - Scraping article: https://www.hotnewhiphop.com/929415-air-jordan-11-low-mothers-day-sneaker-news
2025-07-17 15:23:59,436 - INFO - Scraping article: https://www.hotnewhiphop.com/929530-akon-shuts-down-reports-city-hip-hop-news
2025-07-17 15:24:01,106 - INFO - Scraping article: https://www.hotnewhiphop.com/929422-nigel-sylvester-x-air-jordan-4-sail-cinnabar-sneaker-news
2025-07-17 15:24:02,783 - INFO - Scraping article: https://www.hotnewhiphop.com/929568-tesehki-sister-new-house-beef-gossip-news
2025-07-17 15:24:04,459 - INFO - Scraping article: https://www.hotnewhiphop.com/926399-diddy-lawyer-saved-man-life-courtroom-bond-hip-hop-news
2025-07-17 15:24:06,238 - INFO - Scraping article: https://www.hotnewhiphop.com/929163-jess-hilarious-unleashes-adin-ross-critique-of-n3on-interview-pop-culture-news
2025-07-17 15:24:07,928 - INFO - Scraping article: https://www.hotnewhiphop.com/929307-clipse-sales-projections-let-god-sort-em-out-hip-hop-news
2025-07-17 15:24:09,595 - INFO - Scraping article: https://www.hotnewhiphop.com/925571-joe-tacopina-blasts-prosecutors-diddy-not-guilty-verdict-crime-news
2025-07-17 15:24:11,208 - INFO - Scraping article: https://www.hotnewhiphop.com/929088-slim-thug-reacts-to-megan-dating-klay-hip-hop-news
2025-07-17 15:24:12,781 - INFO - Scraping article: https://www.hotnewhiphop.com/929662-nicki-minaj-sza-botting-allegations-hip-hop-news
2025-07-17 15:24:14,329 - INFO - Total articles scraped: 41
2025-07-17 15:24:14,331 - ERROR - Error loading existing JSON: Expecting value: line 1 column 1 (char 0)
2025-07-17 15:24:14,337 - INFO - 41 new unique articles added. Total: 41
2025-07-17 15:24:14,337 - INFO - Scraping completed and data saved.
